<?xml version="1.0" encoding="UTF-8"?>
<testsuite xmlns:xsi="http://www.w3.org/2001/XMLSchema-instance" xsi:noNamespaceSchemaLocation="https://maven.apache.org/surefire/maven-surefire-plugin/xsd/surefire-test-report-3.0.xsd" version="3.0" name="exemplo.jpa.teste.jpqltests.ServicoTests" time="0.613" tests="1" errors="1" skipped="0" failures="0">
  <properties>
    <property name="java.specification.version" value="24"/>
    <property name="sun.jnu.encoding" value="UTF-8"/>
    <property name="java.class.path" value="/home/rafael/Documentos/projetos/faculdade/desenvolvimento-corporativo/projeto-semestre/target/test-classes:/home/rafael/Documentos/projetos/faculdade/desenvolvimento-corporativo/projeto-semestre/target/classes:/home/rafael/.m2/repository/org/eclipse/persistence/eclipselink/4.0.4/eclipselink-4.0.4.jar:/home/rafael/.m2/repository/jakarta/persistence/jakarta.persistence-api/3.1.0/jakarta.persistence-api-3.1.0.jar:/home/rafael/.m2/repository/jakarta/xml/bind/jakarta.xml.bind-api/4.0.2/jakarta.xml.bind-api-4.0.2.jar:/home/rafael/.m2/repository/com/sun/xml/bind/jaxb-xjc/4.0.5/jaxb-xjc-4.0.5.jar:/home/rafael/.m2/repository/com/sun/xml/bind/jaxb-core/4.0.5/jaxb-core-4.0.5.jar:/home/rafael/.m2/repository/org/eclipse/angus/angus-activation/2.0.2/angus-activation-2.0.2.jar:/home/rafael/.m2/repository/jakarta/activation/jakarta.activation-api/2.1.3/jakarta.activation-api-2.1.3.jar:/home/rafael/.m2/repository/org/eclipse/persistence/org.eclipse.persistence.jpa/4.0.4/org.eclipse.persistence.jpa-4.0.4.jar:/home/rafael/.m2/repository/org/eclipse/persistence/org.eclipse.persistence.asm/9.7.0/org.eclipse.persistence.asm-9.7.0.jar:/home/rafael/.m2/repository/org/eclipse/persistence/org.eclipse.persistence.core/4.0.4/org.eclipse.persistence.core-4.0.4.jar:/home/rafael/.m2/repository/org/eclipse/persistence/org.eclipse.persistence.jpa.jpql/4.0.4/org.eclipse.persistence.jpa.jpql-4.0.4.jar:/home/rafael/.m2/repository/org/apache/derby/derbyclient/10.16.1.1/derbyclient-10.16.1.1.jar:/home/rafael/.m2/repository/org/apache/derby/derbyshared/10.16.1.1/derbyshared-10.16.1.1.jar:/home/rafael/.m2/repository/org/apache/derby/derbytools/10.16.1.1/derbytools-10.16.1.1.jar:/home/rafael/.m2/repository/junit/junit/4.13.2/junit-4.13.2.jar:/home/rafael/.m2/repository/org/hamcrest/hamcrest-core/1.3/hamcrest-core-1.3.jar:/home/rafael/.m2/repository/org/dbunit/dbunit/2.8.0/dbunit-2.8.0.jar:/home/rafael/.m2/repository/org/slf4j/slf4j-api/1.7.25/slf4j-api-1.7.25.jar:/home/rafael/.m2/repository/org/yaml/snakeyaml/2.2/snakeyaml-2.2.jar:/home/rafael/.m2/repository/org/postgresql/postgresql/42.3.1/postgresql-42.3.1.jar:/home/rafael/.m2/repository/org/checkerframework/checker-qual/3.5.0/checker-qual-3.5.0.jar:/home/rafael/.m2/repository/com/oracle/database/jdbc/ojdbc8/19.3.0.0/ojdbc8-19.3.0.0.jar:/home/rafael/.m2/repository/com/oracle/database/jdbc/ucp/19.3.0.0/ucp-19.3.0.0.jar:/home/rafael/.m2/repository/com/oracle/database/security/oraclepki/19.3.0.0/oraclepki-19.3.0.0.jar:/home/rafael/.m2/repository/com/oracle/database/security/osdt_cert/19.3.0.0/osdt_cert-19.3.0.0.jar:/home/rafael/.m2/repository/com/oracle/database/security/osdt_core/19.3.0.0/osdt_core-19.3.0.0.jar:/home/rafael/.m2/repository/com/oracle/database/ha/simplefan/19.3.0.0/simplefan-19.3.0.0.jar:/home/rafael/.m2/repository/com/oracle/database/ha/ons/19.3.0.0/ons-19.3.0.0.jar:"/>
    <property name="java.vm.vendor" value="Azul Systems, Inc."/>
    <property name="sun.arch.data.model" value="64"/>
    <property name="java.vendor.url" value="http://www.azul.com/"/>
    <property name="user.timezone" value="America/Recife"/>
    <property name="os.name" value="Linux"/>
    <property name="java.vm.specification.version" value="24"/>
    <property name="user.country" value="BR"/>
    <property name="sun.java.launcher" value="SUN_STANDARD"/>
    <property name="sun.boot.library.path" value="/usr/lib/apache-netbeans/jdk/lib"/>
    <property name="sun.java.command" value="/home/rafael/Documentos/projetos/faculdade/desenvolvimento-corporativo/projeto-semestre/target/surefire/surefirebooter-20250808205728696_3.jar /home/rafael/Documentos/projetos/faculdade/desenvolvimento-corporativo/projeto-semestre/target/surefire 2025-08-08T20-57-28_511-jvmRun1 surefire-20250808205728696_1tmp surefire_0-20250808205728696_2tmp"/>
    <property name="jdk.debug" value="release"/>
    <property name="surefire.test.class.path" value="/home/rafael/Documentos/projetos/faculdade/desenvolvimento-corporativo/projeto-semestre/target/test-classes:/home/rafael/Documentos/projetos/faculdade/desenvolvimento-corporativo/projeto-semestre/target/classes:/home/rafael/.m2/repository/org/eclipse/persistence/eclipselink/4.0.4/eclipselink-4.0.4.jar:/home/rafael/.m2/repository/jakarta/persistence/jakarta.persistence-api/3.1.0/jakarta.persistence-api-3.1.0.jar:/home/rafael/.m2/repository/jakarta/xml/bind/jakarta.xml.bind-api/4.0.2/jakarta.xml.bind-api-4.0.2.jar:/home/rafael/.m2/repository/com/sun/xml/bind/jaxb-xjc/4.0.5/jaxb-xjc-4.0.5.jar:/home/rafael/.m2/repository/com/sun/xml/bind/jaxb-core/4.0.5/jaxb-core-4.0.5.jar:/home/rafael/.m2/repository/org/eclipse/angus/angus-activation/2.0.2/angus-activation-2.0.2.jar:/home/rafael/.m2/repository/jakarta/activation/jakarta.activation-api/2.1.3/jakarta.activation-api-2.1.3.jar:/home/rafael/.m2/repository/org/eclipse/persistence/org.eclipse.persistence.jpa/4.0.4/org.eclipse.persistence.jpa-4.0.4.jar:/home/rafael/.m2/repository/org/eclipse/persistence/org.eclipse.persistence.asm/9.7.0/org.eclipse.persistence.asm-9.7.0.jar:/home/rafael/.m2/repository/org/eclipse/persistence/org.eclipse.persistence.core/4.0.4/org.eclipse.persistence.core-4.0.4.jar:/home/rafael/.m2/repository/org/eclipse/persistence/org.eclipse.persistence.jpa.jpql/4.0.4/org.eclipse.persistence.jpa.jpql-4.0.4.jar:/home/rafael/.m2/repository/org/apache/derby/derbyclient/10.16.1.1/derbyclient-10.16.1.1.jar:/home/rafael/.m2/repository/org/apache/derby/derbyshared/10.16.1.1/derbyshared-10.16.1.1.jar:/home/rafael/.m2/repository/org/apache/derby/derbytools/10.16.1.1/derbytools-10.16.1.1.jar:/home/rafael/.m2/repository/junit/junit/4.13.2/junit-4.13.2.jar:/home/rafael/.m2/repository/org/hamcrest/hamcrest-core/1.3/hamcrest-core-1.3.jar:/home/rafael/.m2/repository/org/dbunit/dbunit/2.8.0/dbunit-2.8.0.jar:/home/rafael/.m2/repository/org/slf4j/slf4j-api/1.7.25/slf4j-api-1.7.25.jar:/home/rafael/.m2/repository/org/yaml/snakeyaml/2.2/snakeyaml-2.2.jar:/home/rafael/.m2/repository/org/postgresql/postgresql/42.3.1/postgresql-42.3.1.jar:/home/rafael/.m2/repository/org/checkerframework/checker-qual/3.5.0/checker-qual-3.5.0.jar:/home/rafael/.m2/repository/com/oracle/database/jdbc/ojdbc8/19.3.0.0/ojdbc8-19.3.0.0.jar:/home/rafael/.m2/repository/com/oracle/database/jdbc/ucp/19.3.0.0/ucp-19.3.0.0.jar:/home/rafael/.m2/repository/com/oracle/database/security/oraclepki/19.3.0.0/oraclepki-19.3.0.0.jar:/home/rafael/.m2/repository/com/oracle/database/security/osdt_cert/19.3.0.0/osdt_cert-19.3.0.0.jar:/home/rafael/.m2/repository/com/oracle/database/security/osdt_core/19.3.0.0/osdt_core-19.3.0.0.jar:/home/rafael/.m2/repository/com/oracle/database/ha/simplefan/19.3.0.0/simplefan-19.3.0.0.jar:/home/rafael/.m2/repository/com/oracle/database/ha/ons/19.3.0.0/ons-19.3.0.0.jar:"/>
    <property name="sun.cpu.endian" value="little"/>
    <property name="user.home" value="/home/rafael"/>
    <property name="user.language" value="pt"/>
    <property name="java.specification.vendor" value="Oracle Corporation"/>
    <property name="java.version.date" value="2025-04-15"/>
    <property name="java.home" value="/usr/lib/apache-netbeans/jdk"/>
    <property name="file.separator" value="/"/>
    <property name="basedir" value="/home/rafael/Documentos/projetos/faculdade/desenvolvimento-corporativo/projeto-semestre"/>
    <property name="java.vm.compressedOopsMode" value="Zero based"/>
    <property name="line.separator" value="&#10;"/>
    <property name="java.specification.name" value="Java Platform API Specification"/>
    <property name="java.vm.specification.vendor" value="Oracle Corporation"/>
    <property name="surefire.real.class.path" value="/home/rafael/Documentos/projetos/faculdade/desenvolvimento-corporativo/projeto-semestre/target/surefire/surefirebooter-20250808205728696_3.jar"/>
    <property name="sun.management.compiler" value="HotSpot 64-Bit Tiered Compilers"/>
    <property name="java.runtime.version" value="24.0.1+9"/>
    <property name="user.name" value="rafael"/>
    <property name="stdout.encoding" value="UTF-8"/>
    <property name="path.separator" value=":"/>
    <property name="os.version" value="6.8.0-65-generic"/>
    <property name="java.runtime.name" value="OpenJDK Runtime Environment"/>
    <property name="file.encoding" value="UTF-8"/>
    <property name="java.vm.name" value="OpenJDK 64-Bit Server VM"/>
    <property name="java.vendor.version" value="Zulu24.30+11-CA"/>
    <property name="maven.ext.class.path" value="/usr/lib/apache-netbeans/java/maven-nblib/netbeans-eventspy.jar"/>
    <property name="localRepository" value="/home/rafael/.m2/repository"/>
    <property name="java.vendor.url.bug" value="http://www.azul.com/support/"/>
    <property name="java.io.tmpdir" value="/tmp"/>
    <property name="java.version" value="24.0.1"/>
    <property name="user.dir" value="/home/rafael/Documentos/projetos/faculdade/desenvolvimento-corporativo/projeto-semestre"/>
    <property name="os.arch" value="amd64"/>
    <property name="java.vm.specification.name" value="Java Virtual Machine Specification"/>
    <property name="native.encoding" value="UTF-8"/>
    <property name="java.library.path" value="/usr/java/packages/lib:/usr/lib64:/lib64:/lib:/usr/lib"/>
    <property name="java.vm.info" value="mixed mode, sharing"/>
    <property name="stderr.encoding" value="UTF-8"/>
    <property name="java.vendor" value="Azul Systems, Inc."/>
    <property name="java.vm.version" value="24.0.1+9"/>
    <property name="sun.io.unicode.encoding" value="UnicodeLittle"/>
    <property name="java.class.version" value="68.0"/>
  </properties>
  <testcase name="" classname="exemplo.jpa.teste.jpqltests.ServicoTests" time="0.612">
    <error message="Exception processing table name=&apos;TB_TELEFONE&apos;" type="java.lang.RuntimeException"><![CDATA[java.lang.RuntimeException: Exception processing table name='TB_TELEFONE'
	at exemplo.jpa.teste.DbUnitUtil.inserirDados(DbUnitUtil.java:49)
	at exemplo.jpa.teste.jpqltests.GenericTest.setUpClass(GenericTest.java:38)
	at java.base/jdk.internal.reflect.DirectMethodHandleAccessor.invoke(DirectMethodHandleAccessor.java:104)
	at java.base/java.lang.reflect.Method.invoke(Method.java:565)
	at org.junit.runners.model.FrameworkMethod$1.runReflectiveCall(FrameworkMethod.java:59)
	at org.junit.internal.runners.model.ReflectiveCallable.run(ReflectiveCallable.java:12)
	at org.junit.runners.model.FrameworkMethod.invokeExplosively(FrameworkMethod.java:56)
	at org.junit.internal.runners.statements.RunBefores.invokeMethod(RunBefores.java:33)
	at org.junit.internal.runners.statements.RunBefores.evaluate(RunBefores.java:24)
	at org.junit.internal.runners.statements.RunAfters.evaluate(RunAfters.java:27)
	at org.junit.runners.ParentRunner$3.evaluate(ParentRunner.java:306)
	at org.junit.runners.ParentRunner.run(ParentRunner.java:413)
	at org.apache.maven.surefire.junit4.JUnit4Provider.execute(JUnit4Provider.java:316)
	at org.apache.maven.surefire.junit4.JUnit4Provider.executeWithRerun(JUnit4Provider.java:240)
	at org.apache.maven.surefire.junit4.JUnit4Provider.executeTestSet(JUnit4Provider.java:214)
	at org.apache.maven.surefire.junit4.JUnit4Provider.invoke(JUnit4Provider.java:155)
	at org.apache.maven.surefire.booter.ForkedBooter.runSuitesInProcess(ForkedBooter.java:385)
	at org.apache.maven.surefire.booter.ForkedBooter.execute(ForkedBooter.java:162)
	at org.apache.maven.surefire.booter.ForkedBooter.run(ForkedBooter.java:507)
	at org.apache.maven.surefire.booter.ForkedBooter.main(ForkedBooter.java:495)
Caused by: org.dbunit.DatabaseUnitException: Exception processing table name='TB_TELEFONE'
	at org.dbunit.operation.AbstractBatchOperation.execute(AbstractBatchOperation.java:240)
	at org.dbunit.operation.CompositeOperation.execute(CompositeOperation.java:79)
	at exemplo.jpa.teste.DbUnitUtil.inserirDados(DbUnitUtil.java:42)
	... 19 more
Caused by: org.apache.derby.shared.common.error.DerbySQLIntegrityConstraintViolationException: INSERT na tabela 'TB_TELEFONE' causou uma violação na restrição de chave estrangeira 'TBTELEFONEDUSUARIO' para a chave (1).  A instrução foi desfeita.
	at org.apache.derby.client.am.SQLExceptionFactory.getSQLException(SQLExceptionFactory.java:85)
	at org.apache.derby.client.am.SqlException.getSQLException(SqlException.java:325)
	at org.apache.derby.client.am.ClientPreparedStatement.execute(ClientPreparedStatement.java:1616)
	at org.dbunit.database.statement.SimplePreparedStatement.addBatch(SimplePreparedStatement.java:85)
	at org.dbunit.database.statement.AutomaticPreparedBatchStatement.addBatch(AutomaticPreparedBatchStatement.java:70)
	at org.dbunit.operation.AbstractBatchOperation.execute(AbstractBatchOperation.java:224)
	... 21 more
Caused by: ERROR 23503: INSERT na tabela 'TB_TELEFONE' causou uma violação na restrição de chave estrangeira 'TBTELEFONEDUSUARIO' para a chave (1).  A instrução foi desfeita.
	at org.apache.derby.client.am.ClientStatement.completeExecute(ClientStatement.java:1868)
	at org.apache.derby.client.net.NetStatementReply.parseEXCSQLSTTreply(NetStatementReply.java:323)
	at org.apache.derby.client.net.NetStatementReply.readExecute(NetStatementReply.java:72)
	at org.apache.derby.client.net.StatementReply.readExecute(StatementReply.java:59)
	at org.apache.derby.client.net.NetPreparedStatement.readExecute_(NetPreparedStatement.java:167)
	at org.apache.derby.client.am.ClientPreparedStatement.readExecute(ClientPreparedStatement.java:1844)
	at org.apache.derby.client.am.ClientPreparedStatement.flowExecute(ClientPreparedStatement.java:2133)
	at org.apache.derby.client.am.ClientPreparedStatement.executeX(ClientPreparedStatement.java:1622)
	at org.apache.derby.client.am.ClientPreparedStatement.execute(ClientPreparedStatement.java:1607)
	... 24 more
]]></error>
    <system-out><![CDATA[[EL Fine]: moxy: 2025-08-08 20:57:53.046--Thread(Thread[#3,main,5,main])--SAXParserFactory instance: com.sun.org.apache.xerces.internal.jaxp.SAXParserFactoryImpl@61533ae
[EL Fine]: server: 2025-08-08 20:57:53.072--Thread(Thread[#3,main,5,main])--Configured server platform: org.eclipse.persistence.platform.server.NoServerPlatform
[EL Config]: metadata: 2025-08-08 20:57:53.079--ServerSession(1932244589)--Thread(Thread[#3,main,5,main])--The access type for the persistent class [class exemplo.jpa.Usuario] is set to [FIELD].
[EL Config]: metadata: 2025-08-08 20:57:53.081--ServerSession(1932244589)--Thread(Thread[#3,main,5,main])--The target class (reference) class for the element collection mapping element [field telefones] is being defaulted to: class java.lang.String.
[EL Config]: metadata: 2025-08-08 20:57:53.081--ServerSession(1932244589)--Thread(Thread[#3,main,5,main])--The access type for the persistent class [class exemplo.jpa.Cliente] is set to [FIELD].
[EL Config]: metadata: 2025-08-08 20:57:53.082--ServerSession(1932244589)--Thread(Thread[#3,main,5,main])--The target entity (reference) class for the one to many mapping element [field imagens] is being defaulted to: class exemplo.jpa.Imagem.
[EL Config]: metadata: 2025-08-08 20:57:53.082--ServerSession(1932244589)--Thread(Thread[#3,main,5,main])--The target entity (reference) class for the one to one mapping element [field pedido] is being defaulted to: class exemplo.jpa.Pedido.
[EL Config]: metadata: 2025-08-08 20:57:53.082--ServerSession(1932244589)--Thread(Thread[#3,main,5,main])--The access type for the persistent class [class exemplo.jpa.Imagem] is set to [FIELD].
[EL Config]: metadata: 2025-08-08 20:57:53.082--ServerSession(1932244589)--Thread(Thread[#3,main,5,main])--The target entity (reference) class for the many to one mapping element [field cliente] is being defaulted to: class exemplo.jpa.Cliente.
[EL Config]: metadata: 2025-08-08 20:57:53.082--ServerSession(1932244589)--Thread(Thread[#3,main,5,main])--The access type for the persistent class [class exemplo.jpa.Fornecedor] is set to [FIELD].
[EL Config]: metadata: 2025-08-08 20:57:53.083--ServerSession(1932244589)--Thread(Thread[#3,main,5,main])--The target entity (reference) class for the many to many mapping element [field servicos] is being defaulted to: class exemplo.jpa.Servico.
[EL Config]: metadata: 2025-08-08 20:57:53.083--ServerSession(1932244589)--Thread(Thread[#3,main,5,main])--The access type for the persistent class [class exemplo.jpa.Pedido] is set to [FIELD].
[EL Config]: metadata: 2025-08-08 20:57:53.083--ServerSession(1932244589)--Thread(Thread[#3,main,5,main])--The target entity (reference) class for the one to one mapping element [field cliente] is being defaulted to: class exemplo.jpa.Cliente.
[EL Config]: metadata: 2025-08-08 20:57:53.083--ServerSession(1932244589)--Thread(Thread[#3,main,5,main])--The access type for the persistent class [class exemplo.jpa.Servico] is set to [FIELD].
[EL Config]: metadata: 2025-08-08 20:57:53.083--ServerSession(1932244589)--Thread(Thread[#3,main,5,main])--The target entity (reference) class for the many to many mapping element [field fornecedores] is being defaulted to: class exemplo.jpa.Fornecedor.
[EL Config]: metadata: 2025-08-08 20:57:53.083--ServerSession(1932244589)--Thread(Thread[#3,main,5,main])--The access type for the persistent class [class exemplo.jpa.Endereco] is set to [FIELD].
[EL Config]: metadata: 2025-08-08 20:57:53.084--ServerSession(1932244589)--Thread(Thread[#3,main,5,main])--The alias name for the entity class [class exemplo.jpa.Cliente] is being defaulted to: Cliente.
[EL Config]: metadata: 2025-08-08 20:57:53.084--ServerSession(1932244589)--Thread(Thread[#3,main,5,main])--The alias name for the entity class [class exemplo.jpa.Usuario] is being defaulted to: Usuario.
[EL Config]: metadata: 2025-08-08 20:57:53.086--ServerSession(1932244589)--Thread(Thread[#3,main,5,main])--The alias name for the entity class [class exemplo.jpa.Imagem] is being defaulted to: Imagem.
[EL Config]: metadata: 2025-08-08 20:57:53.086--ServerSession(1932244589)--Thread(Thread[#3,main,5,main])--The alias name for the entity class [class exemplo.jpa.Fornecedor] is being defaulted to: Fornecedor.
[EL Config]: metadata: 2025-08-08 20:57:53.087--ServerSession(1932244589)--Thread(Thread[#3,main,5,main])--The alias name for the entity class [class exemplo.jpa.Pedido] is being defaulted to: Pedido.
[EL Config]: metadata: 2025-08-08 20:57:53.087--ServerSession(1932244589)--Thread(Thread[#3,main,5,main])--The alias name for the entity class [class exemplo.jpa.Servico] is being defaulted to: Servico.
[EL Config]: metadata: 2025-08-08 20:57:53.088--ServerSession(1932244589)--Thread(Thread[#3,main,5,main])--The primary key column name for the mapping element [field telefones] is being defaulted to: ID.
[EL Config]: metadata: 2025-08-08 20:57:53.088--ServerSession(1932244589)--Thread(Thread[#3,main,5,main])--The primary key column name for the mapping element [field cliente] is being defaulted to: ID.
[EL Config]: metadata: 2025-08-08 20:57:53.089--ServerSession(1932244589)--Thread(Thread[#3,main,5,main])--The source primary key column name for the many to many mapping [field servicos] is being defaulted to: ID.
[EL Config]: metadata: 2025-08-08 20:57:53.089--ServerSession(1932244589)--Thread(Thread[#3,main,5,main])--The target primary key column name for the many to many mapping [field servicos] is being defaulted to: ID.
[EL Info]: 2025-08-08 20:57:53.094--ServerSession(1932244589)--Thread(Thread[#3,main,5,main])--EclipseLink, version: Eclipse Persistence Services - 4.0.4.v202407190748-059428cdd2583c46f1f3e50d235854840a6fa9a7
[EL Fine]: connection: 2025-08-08 20:57:53.094--ServerSession(1932244589)--Connection(1869177530)--Thread(Thread[#3,main,5,main])--connecting(DatabaseLogin(
	platform=>DerbyPlatform
	user name=> "app"
	datasource URL=> "jdbc:derby://localhost:1527/projeto-semestre;create=true"
))
[EL Config]: connection: 2025-08-08 20:57:53.097--ServerSession(1932244589)--Connection(1164289802)--Thread(Thread[#3,main,5,main])--Connected: jdbc:derby://localhost:1527/projeto-semestre;create=true
	User: app
	Database: Apache Derby  Version: 10.17.1.0 - (1913217)
	Driver: Apache Derby Network Client JDBC Driver  Version: 10.16.1.1 - (1901046)
[EL Warning]: metadata: 2025-08-08 20:57:53.098--ServerSession(1932244589)--Thread(Thread[#3,main,5,main])--Reverting the lazy setting on the OneToOne or ManyToOne attribute [pedido] for the entity class [class exemplo.jpa.Cliente] since weaving was not enabled or did not occur.
[EL Fine]: connection: 2025-08-08 20:57:53.103--ServerSession(1932244589)--Thread(Thread[#3,main,5,main])--/file:/home/rafael/Documentos/projetos/faculdade/desenvolvimento-corporativo/projeto-semestre/target/classes/_projeto-semestre login successful
[EL Fine]: sql: 2025-08-08 20:57:53.105--ServerSession(1932244589)--Connection(1164289802)--Thread(Thread[#3,main,5,main])--ALTER TABLE TB_CLIENTE DROP CONSTRAINT TBCLIENTEIDUSUARIO
[EL Fine]: sql: 2025-08-08 20:57:53.107--ServerSession(1932244589)--Thread(Thread[#3,main,5,main])--VALUES(1)
[EL Warning]: 2025-08-08 20:57:53.108--ServerSession(1932244589)--Thread(Thread[#3,main,5,main])--Exception [EclipseLink-4002] (Eclipse Persistence Services - 4.0.4.v202407190748-059428cdd2583c46f1f3e50d235854840a6fa9a7): org.eclipse.persistence.exceptions.DatabaseException
Internal Exception: java.sql.SQLSyntaxErrorException: ALTER TABLE falhou. Não existe a restrição 'APP.TBCLIENTEIDUSUARIO' na tabela '"APP"."TB_CLIENTE"'.
Error Code: 30000
Call: ALTER TABLE TB_CLIENTE DROP CONSTRAINT TBCLIENTEIDUSUARIO
Query: DataModifyQuery(sql="ALTER TABLE TB_CLIENTE DROP CONSTRAINT TBCLIENTEIDUSUARIO")
[EL Fine]: sql: 2025-08-08 20:57:53.108--ServerSession(1932244589)--Connection(1164289802)--Thread(Thread[#3,main,5,main])--ALTER TABLE TB_CLIENTE DROP CONSTRAINT TBCLIENTEID_PEDIDO
[EL Fine]: sql: 2025-08-08 20:57:53.11--ServerSession(1932244589)--Thread(Thread[#3,main,5,main])--VALUES(1)
[EL Warning]: 2025-08-08 20:57:53.111--ServerSession(1932244589)--Thread(Thread[#3,main,5,main])--Exception [EclipseLink-4002] (Eclipse Persistence Services - 4.0.4.v202407190748-059428cdd2583c46f1f3e50d235854840a6fa9a7): org.eclipse.persistence.exceptions.DatabaseException
Internal Exception: java.sql.SQLSyntaxErrorException: ALTER TABLE falhou. Não existe a restrição 'APP.TBCLIENTEID_PEDIDO' na tabela '"APP"."TB_CLIENTE"'.
Error Code: 30000
Call: ALTER TABLE TB_CLIENTE DROP CONSTRAINT TBCLIENTEID_PEDIDO
Query: DataModifyQuery(sql="ALTER TABLE TB_CLIENTE DROP CONSTRAINT TBCLIENTEID_PEDIDO")
[EL Fine]: sql: 2025-08-08 20:57:53.111--ServerSession(1932244589)--Connection(1164289802)--Thread(Thread[#3,main,5,main])--ALTER TABLE TB_IMAGEM DROP CONSTRAINT TBIMAGEMID_USUARIO
[EL Fine]: sql: 2025-08-08 20:57:53.112--ServerSession(1932244589)--Thread(Thread[#3,main,5,main])--VALUES(1)
[EL Warning]: 2025-08-08 20:57:53.113--ServerSession(1932244589)--Thread(Thread[#3,main,5,main])--Exception [EclipseLink-4002] (Eclipse Persistence Services - 4.0.4.v202407190748-059428cdd2583c46f1f3e50d235854840a6fa9a7): org.eclipse.persistence.exceptions.DatabaseException
Internal Exception: java.sql.SQLSyntaxErrorException: ALTER TABLE falhou. Não existe a restrição 'APP.TBIMAGEMID_USUARIO' na tabela '"APP"."TB_IMAGEM"'.
Error Code: 30000
Call: ALTER TABLE TB_IMAGEM DROP CONSTRAINT TBIMAGEMID_USUARIO
Query: DataModifyQuery(sql="ALTER TABLE TB_IMAGEM DROP CONSTRAINT TBIMAGEMID_USUARIO")
[EL Fine]: sql: 2025-08-08 20:57:53.113--ServerSession(1932244589)--Connection(1164289802)--Thread(Thread[#3,main,5,main])--ALTER TABLE TB_FORNECEDOR DROP CONSTRAINT TBFRNECEDORDSUARIO
[EL Fine]: sql: 2025-08-08 20:57:53.114--ServerSession(1932244589)--Thread(Thread[#3,main,5,main])--VALUES(1)
[EL Warning]: 2025-08-08 20:57:53.115--ServerSession(1932244589)--Thread(Thread[#3,main,5,main])--Exception [EclipseLink-4002] (Eclipse Persistence Services - 4.0.4.v202407190748-059428cdd2583c46f1f3e50d235854840a6fa9a7): org.eclipse.persistence.exceptions.DatabaseException
Internal Exception: java.sql.SQLSyntaxErrorException: ALTER TABLE falhou. Não existe a restrição 'APP.TBFRNECEDORDSUARIO' na tabela '"APP"."TB_FORNECEDOR"'.
Error Code: 30000
Call: ALTER TABLE TB_FORNECEDOR DROP CONSTRAINT TBFRNECEDORDSUARIO
Query: DataModifyQuery(sql="ALTER TABLE TB_FORNECEDOR DROP CONSTRAINT TBFRNECEDORDSUARIO")
[EL Fine]: sql: 2025-08-08 20:57:53.115--ServerSession(1932244589)--Connection(1164289802)--Thread(Thread[#3,main,5,main])--ALTER TABLE TB_USUARIO_SERVICO DROP CONSTRAINT TBSRIOSERVICODSRIO
[EL Fine]: sql: 2025-08-08 20:57:53.117--ServerSession(1932244589)--Thread(Thread[#3,main,5,main])--VALUES(1)
[EL Warning]: 2025-08-08 20:57:53.118--ServerSession(1932244589)--Thread(Thread[#3,main,5,main])--Exception [EclipseLink-4002] (Eclipse Persistence Services - 4.0.4.v202407190748-059428cdd2583c46f1f3e50d235854840a6fa9a7): org.eclipse.persistence.exceptions.DatabaseException
Internal Exception: java.sql.SQLSyntaxErrorException: ALTER TABLE falhou. Não existe a restrição 'APP.TBSRIOSERVICODSRIO' na tabela '"APP"."TB_USUARIO_SERVICO"'.
Error Code: 30000
Call: ALTER TABLE TB_USUARIO_SERVICO DROP CONSTRAINT TBSRIOSERVICODSRIO
Query: DataModifyQuery(sql="ALTER TABLE TB_USUARIO_SERVICO DROP CONSTRAINT TBSRIOSERVICODSRIO")
[EL Fine]: sql: 2025-08-08 20:57:53.118--ServerSession(1932244589)--Connection(1164289802)--Thread(Thread[#3,main,5,main])--ALTER TABLE TB_USUARIO_SERVICO DROP CONSTRAINT TBSROSERVICODSRVCO
[EL Fine]: sql: 2025-08-08 20:57:53.13--ServerSession(1932244589)--Connection(1164289802)--Thread(Thread[#3,main,5,main])--ALTER TABLE TB_TELEFONE DROP CONSTRAINT TBTELEFONEDUSUARIO
[EL Fine]: sql: 2025-08-08 20:57:53.131--ServerSession(1932244589)--Thread(Thread[#3,main,5,main])--VALUES(1)
[EL Warning]: 2025-08-08 20:57:53.132--ServerSession(1932244589)--Thread(Thread[#3,main,5,main])--Exception [EclipseLink-4002] (Eclipse Persistence Services - 4.0.4.v202407190748-059428cdd2583c46f1f3e50d235854840a6fa9a7): org.eclipse.persistence.exceptions.DatabaseException
Internal Exception: java.sql.SQLSyntaxErrorException: ALTER TABLE falhou. Não existe a restrição 'APP.TBTELEFONEDUSUARIO' na tabela '"APP"."TB_TELEFONE"'.
Error Code: 30000
Call: ALTER TABLE TB_TELEFONE DROP CONSTRAINT TBTELEFONEDUSUARIO
Query: DataModifyQuery(sql="ALTER TABLE TB_TELEFONE DROP CONSTRAINT TBTELEFONEDUSUARIO")
[EL Fine]: sql: 2025-08-08 20:57:53.132--ServerSession(1932244589)--Connection(1164289802)--Thread(Thread[#3,main,5,main])--DROP TABLE TB_USUARIO
[EL Fine]: sql: 2025-08-08 20:57:53.186--ServerSession(1932244589)--Connection(1164289802)--Thread(Thread[#3,main,5,main])--DROP TABLE TB_CLIENTE
[EL Fine]: sql: 2025-08-08 20:57:53.188--ServerSession(1932244589)--Thread(Thread[#3,main,5,main])--VALUES(1)
[EL Warning]: 2025-08-08 20:57:53.188--ServerSession(1932244589)--Thread(Thread[#3,main,5,main])--Exception [EclipseLink-4002] (Eclipse Persistence Services - 4.0.4.v202407190748-059428cdd2583c46f1f3e50d235854840a6fa9a7): org.eclipse.persistence.exceptions.DatabaseException
Internal Exception: java.sql.SQLSyntaxErrorException: 'DROP TABLE' não pode ser realizado em 'TB_CLIENTE', porque 'TB_CLIENTE' não existe.
Error Code: 30000
Call: DROP TABLE TB_CLIENTE
Query: DataModifyQuery(sql="DROP TABLE TB_CLIENTE")
[EL Fine]: sql: 2025-08-08 20:57:53.189--ServerSession(1932244589)--Connection(1164289802)--Thread(Thread[#3,main,5,main])--DROP TABLE TB_IMAGEM
[EL Fine]: sql: 2025-08-08 20:57:53.189--ServerSession(1932244589)--Thread(Thread[#3,main,5,main])--VALUES(1)
[EL Warning]: 2025-08-08 20:57:53.189--ServerSession(1932244589)--Thread(Thread[#3,main,5,main])--Exception [EclipseLink-4002] (Eclipse Persistence Services - 4.0.4.v202407190748-059428cdd2583c46f1f3e50d235854840a6fa9a7): org.eclipse.persistence.exceptions.DatabaseException
Internal Exception: java.sql.SQLSyntaxErrorException: 'DROP TABLE' não pode ser realizado em 'TB_IMAGEM', porque 'TB_IMAGEM' não existe.
Error Code: 30000
Call: DROP TABLE TB_IMAGEM
Query: DataModifyQuery(sql="DROP TABLE TB_IMAGEM")
[EL Fine]: sql: 2025-08-08 20:57:53.19--ServerSession(1932244589)--Connection(1164289802)--Thread(Thread[#3,main,5,main])--DROP TABLE TB_FORNECEDOR
[EL Fine]: sql: 2025-08-08 20:57:53.208--ServerSession(1932244589)--Connection(1164289802)--Thread(Thread[#3,main,5,main])--DROP TABLE TB_PEDIDO
[EL Fine]: sql: 2025-08-08 20:57:53.21--ServerSession(1932244589)--Thread(Thread[#3,main,5,main])--VALUES(1)
[EL Warning]: 2025-08-08 20:57:53.213--ServerSession(1932244589)--Thread(Thread[#3,main,5,main])--Exception [EclipseLink-4002] (Eclipse Persistence Services - 4.0.4.v202407190748-059428cdd2583c46f1f3e50d235854840a6fa9a7): org.eclipse.persistence.exceptions.DatabaseException
Internal Exception: java.sql.SQLSyntaxErrorException: 'DROP TABLE' não pode ser realizado em 'TB_PEDIDO', porque 'TB_PEDIDO' não existe.
Error Code: 30000
Call: DROP TABLE TB_PEDIDO
Query: DataModifyQuery(sql="DROP TABLE TB_PEDIDO")
[EL Fine]: sql: 2025-08-08 20:57:53.213--ServerSession(1932244589)--Connection(1164289802)--Thread(Thread[#3,main,5,main])--DROP TABLE TB_SERVICO
[EL Fine]: sql: 2025-08-08 20:57:53.237--ServerSession(1932244589)--Connection(1164289802)--Thread(Thread[#3,main,5,main])--DROP TABLE TB_USUARIO_SERVICO
[EL Fine]: sql: 2025-08-08 20:57:53.239--ServerSession(1932244589)--Thread(Thread[#3,main,5,main])--VALUES(1)
[EL Warning]: 2025-08-08 20:57:53.24--ServerSession(1932244589)--Thread(Thread[#3,main,5,main])--Exception [EclipseLink-4002] (Eclipse Persistence Services - 4.0.4.v202407190748-059428cdd2583c46f1f3e50d235854840a6fa9a7): org.eclipse.persistence.exceptions.DatabaseException
Internal Exception: java.sql.SQLSyntaxErrorException: 'DROP TABLE' não pode ser realizado em 'TB_USUARIO_SERVICO', porque 'TB_USUARIO_SERVICO' não existe.
Error Code: 30000
Call: DROP TABLE TB_USUARIO_SERVICO
Query: DataModifyQuery(sql="DROP TABLE TB_USUARIO_SERVICO")
[EL Fine]: sql: 2025-08-08 20:57:53.24--ServerSession(1932244589)--Connection(1164289802)--Thread(Thread[#3,main,5,main])--DROP TABLE TB_TELEFONE
[EL Fine]: sql: 2025-08-08 20:57:53.25--ServerSession(1932244589)--Connection(1164289802)--Thread(Thread[#3,main,5,main])--DROP TABLE TB_CLIENTE
[EL Fine]: sql: 2025-08-08 20:57:53.252--ServerSession(1932244589)--Thread(Thread[#3,main,5,main])--VALUES(1)
[EL Warning]: 2025-08-08 20:57:53.252--ServerSession(1932244589)--Thread(Thread[#3,main,5,main])--Exception [EclipseLink-4002] (Eclipse Persistence Services - 4.0.4.v202407190748-059428cdd2583c46f1f3e50d235854840a6fa9a7): org.eclipse.persistence.exceptions.DatabaseException
Internal Exception: java.sql.SQLSyntaxErrorException: 'DROP TABLE' não pode ser realizado em 'TB_CLIENTE', porque 'TB_CLIENTE' não existe.
Error Code: 30000
Call: DROP TABLE TB_CLIENTE
Query: DataModifyQuery(sql="DROP TABLE TB_CLIENTE")
[EL Fine]: sql: 2025-08-08 20:57:53.253--ServerSession(1932244589)--Connection(1164289802)--Thread(Thread[#3,main,5,main])--DROP TABLE TB_IMAGEM
[EL Fine]: sql: 2025-08-08 20:57:53.254--ServerSession(1932244589)--Thread(Thread[#3,main,5,main])--VALUES(1)
[EL Warning]: 2025-08-08 20:57:53.254--ServerSession(1932244589)--Thread(Thread[#3,main,5,main])--Exception [EclipseLink-4002] (Eclipse Persistence Services - 4.0.4.v202407190748-059428cdd2583c46f1f3e50d235854840a6fa9a7): org.eclipse.persistence.exceptions.DatabaseException
Internal Exception: java.sql.SQLSyntaxErrorException: 'DROP TABLE' não pode ser realizado em 'TB_IMAGEM', porque 'TB_IMAGEM' não existe.
Error Code: 30000
Call: DROP TABLE TB_IMAGEM
Query: DataModifyQuery(sql="DROP TABLE TB_IMAGEM")
[EL Fine]: sql: 2025-08-08 20:57:53.254--ServerSession(1932244589)--Connection(1164289802)--Thread(Thread[#3,main,5,main])--DROP TABLE TB_PEDIDO
[EL Fine]: sql: 2025-08-08 20:57:53.256--ServerSession(1932244589)--Thread(Thread[#3,main,5,main])--VALUES(1)
[EL Warning]: 2025-08-08 20:57:53.256--ServerSession(1932244589)--Thread(Thread[#3,main,5,main])--Exception [EclipseLink-4002] (Eclipse Persistence Services - 4.0.4.v202407190748-059428cdd2583c46f1f3e50d235854840a6fa9a7): org.eclipse.persistence.exceptions.DatabaseException
Internal Exception: java.sql.SQLSyntaxErrorException: 'DROP TABLE' não pode ser realizado em 'TB_PEDIDO', porque 'TB_PEDIDO' não existe.
Error Code: 30000
Call: DROP TABLE TB_PEDIDO
Query: DataModifyQuery(sql="DROP TABLE TB_PEDIDO")
[EL Fine]: sql: 2025-08-08 20:57:53.257--ServerSession(1932244589)--Connection(1164289802)--Thread(Thread[#3,main,5,main])--DROP TABLE TB_USUARIO_SERVICO
[EL Fine]: sql: 2025-08-08 20:57:53.258--ServerSession(1932244589)--Thread(Thread[#3,main,5,main])--VALUES(1)
[EL Warning]: 2025-08-08 20:57:53.258--ServerSession(1932244589)--Thread(Thread[#3,main,5,main])--Exception [EclipseLink-4002] (Eclipse Persistence Services - 4.0.4.v202407190748-059428cdd2583c46f1f3e50d235854840a6fa9a7): org.eclipse.persistence.exceptions.DatabaseException
Internal Exception: java.sql.SQLSyntaxErrorException: 'DROP TABLE' não pode ser realizado em 'TB_USUARIO_SERVICO', porque 'TB_USUARIO_SERVICO' não existe.
Error Code: 30000
Call: DROP TABLE TB_USUARIO_SERVICO
Query: DataModifyQuery(sql="DROP TABLE TB_USUARIO_SERVICO")
[EL Fine]: sql: 2025-08-08 20:57:53.258--ServerSession(1932244589)--Connection(1164289802)--Thread(Thread[#3,main,5,main])--DROP TABLE TB_CLIENTE
[EL Fine]: sql: 2025-08-08 20:57:53.259--ServerSession(1932244589)--Thread(Thread[#3,main,5,main])--VALUES(1)
[EL Warning]: 2025-08-08 20:57:53.26--ServerSession(1932244589)--Thread(Thread[#3,main,5,main])--Exception [EclipseLink-4002] (Eclipse Persistence Services - 4.0.4.v202407190748-059428cdd2583c46f1f3e50d235854840a6fa9a7): org.eclipse.persistence.exceptions.DatabaseException
Internal Exception: java.sql.SQLSyntaxErrorException: 'DROP TABLE' não pode ser realizado em 'TB_CLIENTE', porque 'TB_CLIENTE' não existe.
Error Code: 30000
Call: DROP TABLE TB_CLIENTE
Query: DataModifyQuery(sql="DROP TABLE TB_CLIENTE")
[EL Fine]: sql: 2025-08-08 20:57:53.26--ServerSession(1932244589)--Connection(1164289802)--Thread(Thread[#3,main,5,main])--DROP TABLE TB_IMAGEM
[EL Fine]: sql: 2025-08-08 20:57:53.261--ServerSession(1932244589)--Thread(Thread[#3,main,5,main])--VALUES(1)
[EL Warning]: 2025-08-08 20:57:53.262--ServerSession(1932244589)--Thread(Thread[#3,main,5,main])--Exception [EclipseLink-4002] (Eclipse Persistence Services - 4.0.4.v202407190748-059428cdd2583c46f1f3e50d235854840a6fa9a7): org.eclipse.persistence.exceptions.DatabaseException
Internal Exception: java.sql.SQLSyntaxErrorException: 'DROP TABLE' não pode ser realizado em 'TB_IMAGEM', porque 'TB_IMAGEM' não existe.
Error Code: 30000
Call: DROP TABLE TB_IMAGEM
Query: DataModifyQuery(sql="DROP TABLE TB_IMAGEM")
[EL Fine]: sql: 2025-08-08 20:57:53.262--ServerSession(1932244589)--Connection(1164289802)--Thread(Thread[#3,main,5,main])--DROP TABLE TB_PEDIDO
[EL Fine]: sql: 2025-08-08 20:57:53.265--ServerSession(1932244589)--Thread(Thread[#3,main,5,main])--VALUES(1)
[EL Warning]: 2025-08-08 20:57:53.266--ServerSession(1932244589)--Thread(Thread[#3,main,5,main])--Exception [EclipseLink-4002] (Eclipse Persistence Services - 4.0.4.v202407190748-059428cdd2583c46f1f3e50d235854840a6fa9a7): org.eclipse.persistence.exceptions.DatabaseException
Internal Exception: java.sql.SQLSyntaxErrorException: 'DROP TABLE' não pode ser realizado em 'TB_PEDIDO', porque 'TB_PEDIDO' não existe.
Error Code: 30000
Call: DROP TABLE TB_PEDIDO
Query: DataModifyQuery(sql="DROP TABLE TB_PEDIDO")
[EL Fine]: sql: 2025-08-08 20:57:53.266--ServerSession(1932244589)--Connection(1164289802)--Thread(Thread[#3,main,5,main])--DROP TABLE TB_USUARIO_SERVICO
[EL Fine]: sql: 2025-08-08 20:57:53.268--ServerSession(1932244589)--Thread(Thread[#3,main,5,main])--VALUES(1)
[EL Warning]: 2025-08-08 20:57:53.27--ServerSession(1932244589)--Thread(Thread[#3,main,5,main])--Exception [EclipseLink-4002] (Eclipse Persistence Services - 4.0.4.v202407190748-059428cdd2583c46f1f3e50d235854840a6fa9a7): org.eclipse.persistence.exceptions.DatabaseException
Internal Exception: java.sql.SQLSyntaxErrorException: 'DROP TABLE' não pode ser realizado em 'TB_USUARIO_SERVICO', porque 'TB_USUARIO_SERVICO' não existe.
Error Code: 30000
Call: DROP TABLE TB_USUARIO_SERVICO
Query: DataModifyQuery(sql="DROP TABLE TB_USUARIO_SERVICO")
[EL Fine]: sql: 2025-08-08 20:57:53.27--ServerSession(1932244589)--Connection(1164289802)--Thread(Thread[#3,main,5,main])--DROP TABLE TB_CLIENTE
[EL Fine]: sql: 2025-08-08 20:57:53.271--ServerSession(1932244589)--Thread(Thread[#3,main,5,main])--VALUES(1)
[EL Warning]: 2025-08-08 20:57:53.274--ServerSession(1932244589)--Thread(Thread[#3,main,5,main])--Exception [EclipseLink-4002] (Eclipse Persistence Services - 4.0.4.v202407190748-059428cdd2583c46f1f3e50d235854840a6fa9a7): org.eclipse.persistence.exceptions.DatabaseException
Internal Exception: java.sql.SQLSyntaxErrorException: 'DROP TABLE' não pode ser realizado em 'TB_CLIENTE', porque 'TB_CLIENTE' não existe.
Error Code: 30000
Call: DROP TABLE TB_CLIENTE
Query: DataModifyQuery(sql="DROP TABLE TB_CLIENTE")
[EL Fine]: sql: 2025-08-08 20:57:53.275--ServerSession(1932244589)--Connection(1164289802)--Thread(Thread[#3,main,5,main])--DROP TABLE TB_IMAGEM
[EL Fine]: sql: 2025-08-08 20:57:53.277--ServerSession(1932244589)--Thread(Thread[#3,main,5,main])--VALUES(1)
[EL Warning]: 2025-08-08 20:57:53.278--ServerSession(1932244589)--Thread(Thread[#3,main,5,main])--Exception [EclipseLink-4002] (Eclipse Persistence Services - 4.0.4.v202407190748-059428cdd2583c46f1f3e50d235854840a6fa9a7): org.eclipse.persistence.exceptions.DatabaseException
Internal Exception: java.sql.SQLSyntaxErrorException: 'DROP TABLE' não pode ser realizado em 'TB_IMAGEM', porque 'TB_IMAGEM' não existe.
Error Code: 30000
Call: DROP TABLE TB_IMAGEM
Query: DataModifyQuery(sql="DROP TABLE TB_IMAGEM")
[EL Fine]: sql: 2025-08-08 20:57:53.278--ServerSession(1932244589)--Connection(1164289802)--Thread(Thread[#3,main,5,main])--DROP TABLE TB_PEDIDO
[EL Fine]: sql: 2025-08-08 20:57:53.279--ServerSession(1932244589)--Thread(Thread[#3,main,5,main])--VALUES(1)
[EL Warning]: 2025-08-08 20:57:53.28--ServerSession(1932244589)--Thread(Thread[#3,main,5,main])--Exception [EclipseLink-4002] (Eclipse Persistence Services - 4.0.4.v202407190748-059428cdd2583c46f1f3e50d235854840a6fa9a7): org.eclipse.persistence.exceptions.DatabaseException
Internal Exception: java.sql.SQLSyntaxErrorException: 'DROP TABLE' não pode ser realizado em 'TB_PEDIDO', porque 'TB_PEDIDO' não existe.
Error Code: 30000
Call: DROP TABLE TB_PEDIDO
Query: DataModifyQuery(sql="DROP TABLE TB_PEDIDO")
[EL Fine]: sql: 2025-08-08 20:57:53.28--ServerSession(1932244589)--Connection(1164289802)--Thread(Thread[#3,main,5,main])--DROP TABLE TB_USUARIO_SERVICO
[EL Fine]: sql: 2025-08-08 20:57:53.281--ServerSession(1932244589)--Thread(Thread[#3,main,5,main])--VALUES(1)
[EL Warning]: 2025-08-08 20:57:53.283--ServerSession(1932244589)--Thread(Thread[#3,main,5,main])--Exception [EclipseLink-4002] (Eclipse Persistence Services - 4.0.4.v202407190748-059428cdd2583c46f1f3e50d235854840a6fa9a7): org.eclipse.persistence.exceptions.DatabaseException
Internal Exception: java.sql.SQLSyntaxErrorException: 'DROP TABLE' não pode ser realizado em 'TB_USUARIO_SERVICO', porque 'TB_USUARIO_SERVICO' não existe.
Error Code: 30000
Call: DROP TABLE TB_USUARIO_SERVICO
Query: DataModifyQuery(sql="DROP TABLE TB_USUARIO_SERVICO")
[EL Fine]: sql: 2025-08-08 20:57:53.283--ServerSession(1932244589)--Connection(1164289802)--Thread(Thread[#3,main,5,main])--DROP TABLE TB_CLIENTE
[EL Fine]: sql: 2025-08-08 20:57:53.284--ServerSession(1932244589)--Thread(Thread[#3,main,5,main])--VALUES(1)
[EL Warning]: 2025-08-08 20:57:53.287--ServerSession(1932244589)--Thread(Thread[#3,main,5,main])--Exception [EclipseLink-4002] (Eclipse Persistence Services - 4.0.4.v202407190748-059428cdd2583c46f1f3e50d235854840a6fa9a7): org.eclipse.persistence.exceptions.DatabaseException
Internal Exception: java.sql.SQLSyntaxErrorException: 'DROP TABLE' não pode ser realizado em 'TB_CLIENTE', porque 'TB_CLIENTE' não existe.
Error Code: 30000
Call: DROP TABLE TB_CLIENTE
Query: DataModifyQuery(sql="DROP TABLE TB_CLIENTE")
[EL Fine]: sql: 2025-08-08 20:57:53.287--ServerSession(1932244589)--Connection(1164289802)--Thread(Thread[#3,main,5,main])--DROP TABLE TB_IMAGEM
[EL Fine]: sql: 2025-08-08 20:57:53.289--ServerSession(1932244589)--Thread(Thread[#3,main,5,main])--VALUES(1)
[EL Warning]: 2025-08-08 20:57:53.29--ServerSession(1932244589)--Thread(Thread[#3,main,5,main])--Exception [EclipseLink-4002] (Eclipse Persistence Services - 4.0.4.v202407190748-059428cdd2583c46f1f3e50d235854840a6fa9a7): org.eclipse.persistence.exceptions.DatabaseException
Internal Exception: java.sql.SQLSyntaxErrorException: 'DROP TABLE' não pode ser realizado em 'TB_IMAGEM', porque 'TB_IMAGEM' não existe.
Error Code: 30000
Call: DROP TABLE TB_IMAGEM
Query: DataModifyQuery(sql="DROP TABLE TB_IMAGEM")
[EL Fine]: sql: 2025-08-08 20:57:53.291--ServerSession(1932244589)--Connection(1164289802)--Thread(Thread[#3,main,5,main])--DROP TABLE TB_PEDIDO
[EL Fine]: sql: 2025-08-08 20:57:53.292--ServerSession(1932244589)--Thread(Thread[#3,main,5,main])--VALUES(1)
[EL Warning]: 2025-08-08 20:57:53.295--ServerSession(1932244589)--Thread(Thread[#3,main,5,main])--Exception [EclipseLink-4002] (Eclipse Persistence Services - 4.0.4.v202407190748-059428cdd2583c46f1f3e50d235854840a6fa9a7): org.eclipse.persistence.exceptions.DatabaseException
Internal Exception: java.sql.SQLSyntaxErrorException: 'DROP TABLE' não pode ser realizado em 'TB_PEDIDO', porque 'TB_PEDIDO' não existe.
Error Code: 30000
Call: DROP TABLE TB_PEDIDO
Query: DataModifyQuery(sql="DROP TABLE TB_PEDIDO")
[EL Fine]: sql: 2025-08-08 20:57:53.295--ServerSession(1932244589)--Connection(1164289802)--Thread(Thread[#3,main,5,main])--DROP TABLE TB_USUARIO_SERVICO
[EL Fine]: sql: 2025-08-08 20:57:53.298--ServerSession(1932244589)--Thread(Thread[#3,main,5,main])--VALUES(1)
[EL Warning]: 2025-08-08 20:57:53.299--ServerSession(1932244589)--Thread(Thread[#3,main,5,main])--Exception [EclipseLink-4002] (Eclipse Persistence Services - 4.0.4.v202407190748-059428cdd2583c46f1f3e50d235854840a6fa9a7): org.eclipse.persistence.exceptions.DatabaseException
Internal Exception: java.sql.SQLSyntaxErrorException: 'DROP TABLE' não pode ser realizado em 'TB_USUARIO_SERVICO', porque 'TB_USUARIO_SERVICO' não existe.
Error Code: 30000
Call: DROP TABLE TB_USUARIO_SERVICO
Query: DataModifyQuery(sql="DROP TABLE TB_USUARIO_SERVICO")
[EL Fine]: sql: 2025-08-08 20:57:53.337--ServerSession(1932244589)--Connection(1164289802)--Thread(Thread[#3,main,5,main])--CREATE TABLE TB_CLIENTE (ID_USUARIO BIGINT NOT NULL, ID_PEDIDO BIGINT, PRIMARY KEY (ID_USUARIO))
[EL Fine]: sql: 2025-08-08 20:57:53.367--ServerSession(1932244589)--Thread(Thread[#3,main,5,main])--VALUES(1)
[EL Warning]: 2025-08-08 20:57:53.367--ServerSession(1932244589)--Thread(Thread[#3,main,5,main])--Exception [EclipseLink-4002] (Eclipse Persistence Services - 4.0.4.v202407190748-059428cdd2583c46f1f3e50d235854840a6fa9a7): org.eclipse.persistence.exceptions.DatabaseException
Internal Exception: java.sql.SQLTransactionRollbackException: Table/View 'TB_CLIENTE' já existe em Schema 'APP'.
Error Code: 30000
Call: CREATE TABLE TB_CLIENTE (ID_USUARIO BIGINT NOT NULL, ID_PEDIDO BIGINT, PRIMARY KEY (ID_USUARIO))
Query: DataModifyQuery(sql="CREATE TABLE TB_CLIENTE (ID_USUARIO BIGINT NOT NULL, ID_PEDIDO BIGINT, PRIMARY KEY (ID_USUARIO))")
[EL Fine]: sql: 2025-08-08 20:57:53.38--ServerSession(1932244589)--Connection(1164289802)--Thread(Thread[#3,main,5,main])--CREATE TABLE TB_FORNECEDOR (ID_USUARIO BIGINT NOT NULL, PRIMARY KEY (ID_USUARIO))
[EL Fine]: sql: 2025-08-08 20:57:53.409--ServerSession(1932244589)--Thread(Thread[#3,main,5,main])--VALUES(1)
[EL Warning]: 2025-08-08 20:57:53.41--ServerSession(1932244589)--Thread(Thread[#3,main,5,main])--Exception [EclipseLink-4002] (Eclipse Persistence Services - 4.0.4.v202407190748-059428cdd2583c46f1f3e50d235854840a6fa9a7): org.eclipse.persistence.exceptions.DatabaseException
Internal Exception: java.sql.SQLTransactionRollbackException: Table/View 'TB_FORNECEDOR' já existe em Schema 'APP'.
Error Code: 30000
Call: CREATE TABLE TB_FORNECEDOR (ID_USUARIO BIGINT NOT NULL, PRIMARY KEY (ID_USUARIO))
Query: DataModifyQuery(sql="CREATE TABLE TB_FORNECEDOR (ID_USUARIO BIGINT NOT NULL, PRIMARY KEY (ID_USUARIO))")
[EL Fine]: sql: 2025-08-08 20:57:53.428--ServerSession(1932244589)--Connection(1164289802)--Thread(Thread[#3,main,5,main])--CREATE TABLE TB_SERVICO (ID BIGINT GENERATED BY DEFAULT AS IDENTITY NOT NULL, TXT_NOME VARCHAR(50) NOT NULL, TXT_PRECO FLOAT NOT NULL, TXT_TIPO VARCHAR(50) NOT NULL, PRIMARY KEY (ID))
[EL Fine]: sql: 2025-08-08 20:57:53.459--ServerSession(1932244589)--Thread(Thread[#3,main,5,main])--VALUES(1)
[EL Warning]: 2025-08-08 20:57:53.46--ServerSession(1932244589)--Thread(Thread[#3,main,5,main])--Exception [EclipseLink-4002] (Eclipse Persistence Services - 4.0.4.v202407190748-059428cdd2583c46f1f3e50d235854840a6fa9a7): org.eclipse.persistence.exceptions.DatabaseException
Internal Exception: java.sql.SQLTransactionRollbackException: Table/View 'TB_SERVICO' já existe em Schema 'APP'.
Error Code: 30000
Call: CREATE TABLE TB_SERVICO (ID BIGINT GENERATED BY DEFAULT AS IDENTITY NOT NULL, TXT_NOME VARCHAR(50) NOT NULL, TXT_PRECO FLOAT NOT NULL, TXT_TIPO VARCHAR(50) NOT NULL, PRIMARY KEY (ID))
Query: DataModifyQuery(sql="CREATE TABLE TB_SERVICO (ID BIGINT GENERATED BY DEFAULT AS IDENTITY NOT NULL, TXT_NOME VARCHAR(50) NOT NULL, TXT_PRECO FLOAT NOT NULL, TXT_TIPO VARCHAR(50) NOT NULL, PRIMARY KEY (ID))")
[EL Fine]: sql: 2025-08-08 20:57:53.472--ServerSession(1932244589)--Connection(1164289802)--Thread(Thread[#3,main,5,main])--CREATE TABLE TB_TELEFONE (ID_USUARIO BIGINT NOT NULL, TXT_NUM_TELEFONE VARCHAR(20) NOT NULL)
[EL Fine]: sql: 2025-08-08 20:57:53.488--ServerSession(1932244589)--Thread(Thread[#3,main,5,main])--VALUES(1)
[EL Warning]: 2025-08-08 20:57:53.489--ServerSession(1932244589)--Thread(Thread[#3,main,5,main])--Exception [EclipseLink-4002] (Eclipse Persistence Services - 4.0.4.v202407190748-059428cdd2583c46f1f3e50d235854840a6fa9a7): org.eclipse.persistence.exceptions.DatabaseException
Internal Exception: java.sql.SQLTransactionRollbackException: Table/View 'TB_TELEFONE' já existe em Schema 'APP'.
Error Code: 30000
Call: CREATE TABLE TB_TELEFONE (ID_USUARIO BIGINT NOT NULL, TXT_NUM_TELEFONE VARCHAR(20) NOT NULL)
Query: DataModifyQuery(sql="CREATE TABLE TB_TELEFONE (ID_USUARIO BIGINT NOT NULL, TXT_NUM_TELEFONE VARCHAR(20) NOT NULL)")
[EL Fine]: sql: 2025-08-08 20:57:53.489--ServerSession(1932244589)--Connection(1164289802)--Thread(Thread[#3,main,5,main])--ALTER TABLE TB_CLIENTE ADD CONSTRAINT TBCLIENTEIDUSUARIO FOREIGN KEY (ID_USUARIO) REFERENCES TB_USUARIO (ID)
[EL Fine]: sql: 2025-08-08 20:57:53.508--ServerSession(1932244589)--Thread(Thread[#3,main,5,main])--VALUES(1)
[EL Warning]: 2025-08-08 20:57:53.508--ServerSession(1932244589)--Thread(Thread[#3,main,5,main])--Exception [EclipseLink-4002] (Eclipse Persistence Services - 4.0.4.v202407190748-059428cdd2583c46f1f3e50d235854840a6fa9a7): org.eclipse.persistence.exceptions.DatabaseException
Internal Exception: java.sql.SQLTransactionRollbackException: Constraint 'TBCLIENTEIDUSUARIO' já existe em Schema 'APP'.
Error Code: 30000
Call: ALTER TABLE TB_CLIENTE ADD CONSTRAINT TBCLIENTEIDUSUARIO FOREIGN KEY (ID_USUARIO) REFERENCES TB_USUARIO (ID)
Query: DataModifyQuery(sql="ALTER TABLE TB_CLIENTE ADD CONSTRAINT TBCLIENTEIDUSUARIO FOREIGN KEY (ID_USUARIO) REFERENCES TB_USUARIO (ID)")
[EL Fine]: sql: 2025-08-08 20:57:53.509--ServerSession(1932244589)--Connection(1164289802)--Thread(Thread[#3,main,5,main])--ALTER TABLE TB_FORNECEDOR ADD CONSTRAINT TBFRNECEDORDSUARIO FOREIGN KEY (ID_USUARIO) REFERENCES TB_USUARIO (ID)
[EL Fine]: sql: 2025-08-08 20:57:53.513--ServerSession(1932244589)--Connection(1164289802)--Thread(Thread[#3,main,5,main])--ALTER TABLE TB_TELEFONE ADD CONSTRAINT TBTELEFONEDUSUARIO FOREIGN KEY (ID_USUARIO) REFERENCES TB_USUARIO (ID)
[EL Fine]: connection: 2025-08-08 20:57:53.665--ServerSession(1932244589)--Connection(1164289802)--Thread(Thread[#3,main,5,main])--disconnect
[EL Fine]: connection: 2025-08-08 20:57:53.666--ServerSession(1932244589)--Thread(Thread[#3,main,5,main])--/file:/home/rafael/Documentos/projetos/faculdade/desenvolvimento-corporativo/projeto-semestre/target/classes/_projeto-semestre logout successful
[EL Fine]: connection: 2025-08-08 20:57:53.666--ServerSession(1932244589)--Connection(1869177530)--Thread(Thread[#3,main,5,main])--disconnect
]]></system-out>
  </testcase>
</testsuite>