<?xml version="1.0" encoding="UTF-8"?>
<testsuite xmlns:xsi="http://www.w3.org/2001/XMLSchema-instance" xsi:noNamespaceSchemaLocation="https://maven.apache.org/surefire/maven-surefire-plugin/xsd/surefire-test-report-3.0.xsd" version="3.0" name="exemplo.jpa.teste.TesteSuite" time="2.551" tests="10" errors="0" skipped="0" failures="0">
  <properties>
    <property name="java.specification.version" value="24"/>
    <property name="sun.jnu.encoding" value="UTF-8"/>
    <property name="java.class.path" value="/home/rafael/Documentos/projetos/faculdade/desenvolvimento-corporativo/projeto-semestre/target/test-classes:/home/rafael/Documentos/projetos/faculdade/desenvolvimento-corporativo/projeto-semestre/target/classes:/home/rafael/.m2/repository/org/eclipse/persistence/eclipselink/4.0.4/eclipselink-4.0.4.jar:/home/rafael/.m2/repository/jakarta/persistence/jakarta.persistence-api/3.1.0/jakarta.persistence-api-3.1.0.jar:/home/rafael/.m2/repository/jakarta/xml/bind/jakarta.xml.bind-api/4.0.2/jakarta.xml.bind-api-4.0.2.jar:/home/rafael/.m2/repository/com/sun/xml/bind/jaxb-xjc/4.0.5/jaxb-xjc-4.0.5.jar:/home/rafael/.m2/repository/com/sun/xml/bind/jaxb-core/4.0.5/jaxb-core-4.0.5.jar:/home/rafael/.m2/repository/org/eclipse/angus/angus-activation/2.0.2/angus-activation-2.0.2.jar:/home/rafael/.m2/repository/org/eclipse/persistence/org.eclipse.persistence.jpa/4.0.4/org.eclipse.persistence.jpa-4.0.4.jar:/home/rafael/.m2/repository/org/eclipse/persistence/org.eclipse.persistence.asm/9.7.0/org.eclipse.persistence.asm-9.7.0.jar:/home/rafael/.m2/repository/org/eclipse/persistence/org.eclipse.persistence.core/4.0.4/org.eclipse.persistence.core-4.0.4.jar:/home/rafael/.m2/repository/org/eclipse/persistence/org.eclipse.persistence.jpa.jpql/4.0.4/org.eclipse.persistence.jpa.jpql-4.0.4.jar:/home/rafael/.m2/repository/org/apache/derby/derbyclient/10.16.1.1/derbyclient-10.16.1.1.jar:/home/rafael/.m2/repository/org/apache/derby/derbyshared/10.16.1.1/derbyshared-10.16.1.1.jar:/home/rafael/.m2/repository/org/apache/derby/derbytools/10.16.1.1/derbytools-10.16.1.1.jar:/home/rafael/.m2/repository/junit/junit/4.13.2/junit-4.13.2.jar:/home/rafael/.m2/repository/org/hamcrest/hamcrest-core/1.3/hamcrest-core-1.3.jar:/home/rafael/.m2/repository/org/dbunit/dbunit/2.8.0/dbunit-2.8.0.jar:/home/rafael/.m2/repository/org/slf4j/slf4j-api/1.7.25/slf4j-api-1.7.25.jar:/home/rafael/.m2/repository/org/yaml/snakeyaml/2.2/snakeyaml-2.2.jar:/home/rafael/.m2/repository/org/postgresql/postgresql/42.3.1/postgresql-42.3.1.jar:/home/rafael/.m2/repository/org/checkerframework/checker-qual/3.5.0/checker-qual-3.5.0.jar:/home/rafael/.m2/repository/com/oracle/database/jdbc/ojdbc8/19.3.0.0/ojdbc8-19.3.0.0.jar:/home/rafael/.m2/repository/com/oracle/database/jdbc/ucp/19.3.0.0/ucp-19.3.0.0.jar:/home/rafael/.m2/repository/com/oracle/database/security/oraclepki/19.3.0.0/oraclepki-19.3.0.0.jar:/home/rafael/.m2/repository/com/oracle/database/security/osdt_cert/19.3.0.0/osdt_cert-19.3.0.0.jar:/home/rafael/.m2/repository/com/oracle/database/security/osdt_core/19.3.0.0/osdt_core-19.3.0.0.jar:/home/rafael/.m2/repository/com/oracle/database/ha/simplefan/19.3.0.0/simplefan-19.3.0.0.jar:/home/rafael/.m2/repository/com/oracle/database/ha/ons/19.3.0.0/ons-19.3.0.0.jar:/home/rafael/.m2/repository/org/hibernate/validator/hibernate-validator/8.0.1.Final/hibernate-validator-8.0.1.Final.jar:/home/rafael/.m2/repository/jakarta/validation/jakarta.validation-api/3.0.2/jakarta.validation-api-3.0.2.jar:/home/rafael/.m2/repository/org/jboss/logging/jboss-logging/3.4.3.Final/jboss-logging-3.4.3.Final.jar:/home/rafael/.m2/repository/com/fasterxml/classmate/1.5.1/classmate-1.5.1.jar:/home/rafael/.m2/repository/org/glassfish/expressly/expressly/5.0.0/expressly-5.0.0.jar:/home/rafael/.m2/repository/jakarta/el/jakarta.el-api/5.0.0/jakarta.el-api-5.0.0.jar:/home/rafael/.m2/repository/org/hibernate/orm/hibernate-core/6.5.2.Final/hibernate-core-6.5.2.Final.jar:/home/rafael/.m2/repository/jakarta/transaction/jakarta.transaction-api/2.0.1/jakarta.transaction-api-2.0.1.jar:/home/rafael/.m2/repository/org/hibernate/common/hibernate-commons-annotations/6.0.6.Final/hibernate-commons-annotations-6.0.6.Final.jar:/home/rafael/.m2/repository/io/smallrye/jandex/3.1.2/jandex-3.1.2.jar:/home/rafael/.m2/repository/net/bytebuddy/byte-buddy/1.14.15/byte-buddy-1.14.15.jar:/home/rafael/.m2/repository/org/glassfish/jaxb/jaxb-runtime/4.0.2/jaxb-runtime-4.0.2.jar:/home/rafael/.m2/repository/org/glassfish/jaxb/jaxb-core/4.0.2/jaxb-core-4.0.2.jar:/home/rafael/.m2/repository/jakarta/activation/jakarta.activation-api/2.1.1/jakarta.activation-api-2.1.1.jar:/home/rafael/.m2/repository/org/glassfish/jaxb/txw2/4.0.2/txw2-4.0.2.jar:/home/rafael/.m2/repository/com/sun/istack/istack-commons-runtime/4.1.1/istack-commons-runtime-4.1.1.jar:/home/rafael/.m2/repository/jakarta/inject/jakarta.inject-api/2.0.1/jakarta.inject-api-2.0.1.jar:/home/rafael/.m2/repository/org/antlr/antlr4-runtime/4.13.0/antlr4-runtime-4.13.0.jar:"/>
    <property name="java.vm.vendor" value="Azul Systems, Inc."/>
    <property name="sun.arch.data.model" value="64"/>
    <property name="java.vendor.url" value="http://www.azul.com/"/>
    <property name="os.name" value="Linux"/>
    <property name="java.vm.specification.version" value="24"/>
    <property name="user.country" value="BR"/>
    <property name="sun.java.launcher" value="SUN_STANDARD"/>
    <property name="sun.boot.library.path" value="/usr/lib/apache-netbeans/jdk/lib"/>
    <property name="sun.java.command" value="/home/rafael/Documentos/projetos/faculdade/desenvolvimento-corporativo/projeto-semestre/target/surefire/surefirebooter-20250821220248652_3.jar /home/rafael/Documentos/projetos/faculdade/desenvolvimento-corporativo/projeto-semestre/target/surefire 2025-08-21T22-02-48_574-jvmRun1 surefire-20250821220248652_1tmp surefire_0-20250821220248652_2tmp"/>
    <property name="jdk.debug" value="release"/>
    <property name="surefire.test.class.path" value="/home/rafael/Documentos/projetos/faculdade/desenvolvimento-corporativo/projeto-semestre/target/test-classes:/home/rafael/Documentos/projetos/faculdade/desenvolvimento-corporativo/projeto-semestre/target/classes:/home/rafael/.m2/repository/org/eclipse/persistence/eclipselink/4.0.4/eclipselink-4.0.4.jar:/home/rafael/.m2/repository/jakarta/persistence/jakarta.persistence-api/3.1.0/jakarta.persistence-api-3.1.0.jar:/home/rafael/.m2/repository/jakarta/xml/bind/jakarta.xml.bind-api/4.0.2/jakarta.xml.bind-api-4.0.2.jar:/home/rafael/.m2/repository/com/sun/xml/bind/jaxb-xjc/4.0.5/jaxb-xjc-4.0.5.jar:/home/rafael/.m2/repository/com/sun/xml/bind/jaxb-core/4.0.5/jaxb-core-4.0.5.jar:/home/rafael/.m2/repository/org/eclipse/angus/angus-activation/2.0.2/angus-activation-2.0.2.jar:/home/rafael/.m2/repository/org/eclipse/persistence/org.eclipse.persistence.jpa/4.0.4/org.eclipse.persistence.jpa-4.0.4.jar:/home/rafael/.m2/repository/org/eclipse/persistence/org.eclipse.persistence.asm/9.7.0/org.eclipse.persistence.asm-9.7.0.jar:/home/rafael/.m2/repository/org/eclipse/persistence/org.eclipse.persistence.core/4.0.4/org.eclipse.persistence.core-4.0.4.jar:/home/rafael/.m2/repository/org/eclipse/persistence/org.eclipse.persistence.jpa.jpql/4.0.4/org.eclipse.persistence.jpa.jpql-4.0.4.jar:/home/rafael/.m2/repository/org/apache/derby/derbyclient/10.16.1.1/derbyclient-10.16.1.1.jar:/home/rafael/.m2/repository/org/apache/derby/derbyshared/10.16.1.1/derbyshared-10.16.1.1.jar:/home/rafael/.m2/repository/org/apache/derby/derbytools/10.16.1.1/derbytools-10.16.1.1.jar:/home/rafael/.m2/repository/junit/junit/4.13.2/junit-4.13.2.jar:/home/rafael/.m2/repository/org/hamcrest/hamcrest-core/1.3/hamcrest-core-1.3.jar:/home/rafael/.m2/repository/org/dbunit/dbunit/2.8.0/dbunit-2.8.0.jar:/home/rafael/.m2/repository/org/slf4j/slf4j-api/1.7.25/slf4j-api-1.7.25.jar:/home/rafael/.m2/repository/org/yaml/snakeyaml/2.2/snakeyaml-2.2.jar:/home/rafael/.m2/repository/org/postgresql/postgresql/42.3.1/postgresql-42.3.1.jar:/home/rafael/.m2/repository/org/checkerframework/checker-qual/3.5.0/checker-qual-3.5.0.jar:/home/rafael/.m2/repository/com/oracle/database/jdbc/ojdbc8/19.3.0.0/ojdbc8-19.3.0.0.jar:/home/rafael/.m2/repository/com/oracle/database/jdbc/ucp/19.3.0.0/ucp-19.3.0.0.jar:/home/rafael/.m2/repository/com/oracle/database/security/oraclepki/19.3.0.0/oraclepki-19.3.0.0.jar:/home/rafael/.m2/repository/com/oracle/database/security/osdt_cert/19.3.0.0/osdt_cert-19.3.0.0.jar:/home/rafael/.m2/repository/com/oracle/database/security/osdt_core/19.3.0.0/osdt_core-19.3.0.0.jar:/home/rafael/.m2/repository/com/oracle/database/ha/simplefan/19.3.0.0/simplefan-19.3.0.0.jar:/home/rafael/.m2/repository/com/oracle/database/ha/ons/19.3.0.0/ons-19.3.0.0.jar:/home/rafael/.m2/repository/org/hibernate/validator/hibernate-validator/8.0.1.Final/hibernate-validator-8.0.1.Final.jar:/home/rafael/.m2/repository/jakarta/validation/jakarta.validation-api/3.0.2/jakarta.validation-api-3.0.2.jar:/home/rafael/.m2/repository/org/jboss/logging/jboss-logging/3.4.3.Final/jboss-logging-3.4.3.Final.jar:/home/rafael/.m2/repository/com/fasterxml/classmate/1.5.1/classmate-1.5.1.jar:/home/rafael/.m2/repository/org/glassfish/expressly/expressly/5.0.0/expressly-5.0.0.jar:/home/rafael/.m2/repository/jakarta/el/jakarta.el-api/5.0.0/jakarta.el-api-5.0.0.jar:/home/rafael/.m2/repository/org/hibernate/orm/hibernate-core/6.5.2.Final/hibernate-core-6.5.2.Final.jar:/home/rafael/.m2/repository/jakarta/transaction/jakarta.transaction-api/2.0.1/jakarta.transaction-api-2.0.1.jar:/home/rafael/.m2/repository/org/hibernate/common/hibernate-commons-annotations/6.0.6.Final/hibernate-commons-annotations-6.0.6.Final.jar:/home/rafael/.m2/repository/io/smallrye/jandex/3.1.2/jandex-3.1.2.jar:/home/rafael/.m2/repository/net/bytebuddy/byte-buddy/1.14.15/byte-buddy-1.14.15.jar:/home/rafael/.m2/repository/org/glassfish/jaxb/jaxb-runtime/4.0.2/jaxb-runtime-4.0.2.jar:/home/rafael/.m2/repository/org/glassfish/jaxb/jaxb-core/4.0.2/jaxb-core-4.0.2.jar:/home/rafael/.m2/repository/jakarta/activation/jakarta.activation-api/2.1.1/jakarta.activation-api-2.1.1.jar:/home/rafael/.m2/repository/org/glassfish/jaxb/txw2/4.0.2/txw2-4.0.2.jar:/home/rafael/.m2/repository/com/sun/istack/istack-commons-runtime/4.1.1/istack-commons-runtime-4.1.1.jar:/home/rafael/.m2/repository/jakarta/inject/jakarta.inject-api/2.0.1/jakarta.inject-api-2.0.1.jar:/home/rafael/.m2/repository/org/antlr/antlr4-runtime/4.13.0/antlr4-runtime-4.13.0.jar:"/>
    <property name="sun.cpu.endian" value="little"/>
    <property name="user.home" value="/home/rafael"/>
    <property name="user.language" value="pt"/>
    <property name="java.specification.vendor" value="Oracle Corporation"/>
    <property name="java.version.date" value="2025-04-15"/>
    <property name="java.home" value="/usr/lib/apache-netbeans/jdk"/>
    <property name="file.separator" value="/"/>
    <property name="basedir" value="/home/rafael/Documentos/projetos/faculdade/desenvolvimento-corporativo/projeto-semestre"/>
    <property name="java.vm.compressedOopsMode" value="Zero based"/>
    <property name="line.separator" value="&#10;"/>
    <property name="java.specification.name" value="Java Platform API Specification"/>
    <property name="java.vm.specification.vendor" value="Oracle Corporation"/>
    <property name="surefire.real.class.path" value="/home/rafael/Documentos/projetos/faculdade/desenvolvimento-corporativo/projeto-semestre/target/surefire/surefirebooter-20250821220248652_3.jar"/>
    <property name="sun.management.compiler" value="HotSpot 64-Bit Tiered Compilers"/>
    <property name="java.runtime.version" value="24.0.1+9"/>
    <property name="user.name" value="rafael"/>
    <property name="stdout.encoding" value="UTF-8"/>
    <property name="path.separator" value=":"/>
    <property name="os.version" value="6.8.0-65-generic"/>
    <property name="java.runtime.name" value="OpenJDK Runtime Environment"/>
    <property name="file.encoding" value="UTF-8"/>
    <property name="java.vm.name" value="OpenJDK 64-Bit Server VM"/>
    <property name="java.vendor.version" value="Zulu24.30+11-CA"/>
    <property name="maven.ext.class.path" value="/usr/lib/apache-netbeans/java/maven-nblib/netbeans-eventspy.jar"/>
    <property name="localRepository" value="/home/rafael/.m2/repository"/>
    <property name="java.vendor.url.bug" value="http://www.azul.com/support/"/>
    <property name="java.io.tmpdir" value="/tmp"/>
    <property name="java.version" value="24.0.1"/>
    <property name="user.dir" value="/home/rafael/Documentos/projetos/faculdade/desenvolvimento-corporativo/projeto-semestre"/>
    <property name="os.arch" value="amd64"/>
    <property name="java.vm.specification.name" value="Java Virtual Machine Specification"/>
    <property name="native.encoding" value="UTF-8"/>
    <property name="java.library.path" value="/usr/java/packages/lib:/usr/lib64:/lib64:/lib:/usr/lib"/>
    <property name="java.vm.info" value="mixed mode, sharing"/>
    <property name="stderr.encoding" value="UTF-8"/>
    <property name="java.vendor" value="Azul Systems, Inc."/>
    <property name="java.vm.version" value="24.0.1+9"/>
    <property name="sun.io.unicode.encoding" value="UnicodeLittle"/>
    <property name="java.class.version" value="68.0"/>
  </properties>
  <testcase name="ApersistirCliente" classname="exemplo.jpa.teste.ClienteTeste" time="0.16">
    <system-out><![CDATA[[EL Fine]: server: 2025-08-21 22:02:49.089--Thread(Thread[#3,main,5,main])--Configured server platform: org.eclipse.persistence.platform.server.NoServerPlatform
[EL Warning]: 2025-08-21 22:02:49.115--Thread(Thread[#3,main,5,main])--Java SE '24' is not fully supported yet. Report this error to the EclipseLink open source project. (There is no English translation for this message.)
[EL Fine]: 2025-08-21 22:02:49.116--Thread(Thread[#3,main,5,main])--Generating bytecode for Java SE '23'. (There is no English translation for this message.)
[EL Config]: metadata: 2025-08-21 22:02:49.177--ServerSession(391877669)--Thread(Thread[#3,main,5,main])--The access type for the persistent class [class exemplo.jpa.Usuario] is set to [FIELD].
[EL Config]: metadata: 2025-08-21 22:02:49.191--ServerSession(391877669)--Thread(Thread[#3,main,5,main])--The target class (reference) class for the element collection mapping element [field telefones] is being defaulted to: class java.lang.String.
[EL Config]: metadata: 2025-08-21 22:02:49.192--ServerSession(391877669)--Thread(Thread[#3,main,5,main])--The access type for the persistent class [class exemplo.jpa.Cliente] is set to [FIELD].
[EL Config]: metadata: 2025-08-21 22:02:49.194--ServerSession(391877669)--Thread(Thread[#3,main,5,main])--The target entity (reference) class for the one to many mapping element [field imagens] is being defaulted to: class exemplo.jpa.Imagem.
[EL Config]: metadata: 2025-08-21 22:02:49.195--ServerSession(391877669)--Thread(Thread[#3,main,5,main])--The target entity (reference) class for the one to one mapping element [field pedido] is being defaulted to: class exemplo.jpa.Pedido.
[EL Config]: metadata: 2025-08-21 22:02:49.195--ServerSession(391877669)--Thread(Thread[#3,main,5,main])--The access type for the persistent class [class exemplo.jpa.Imagem] is set to [FIELD].
[EL Config]: metadata: 2025-08-21 22:02:49.196--ServerSession(391877669)--Thread(Thread[#3,main,5,main])--The target entity (reference) class for the many to one mapping element [field cliente] is being defaulted to: class exemplo.jpa.Cliente.
[EL Config]: metadata: 2025-08-21 22:02:49.196--ServerSession(391877669)--Thread(Thread[#3,main,5,main])--The access type for the persistent class [class exemplo.jpa.Fornecedor] is set to [FIELD].
[EL Config]: metadata: 2025-08-21 22:02:49.196--ServerSession(391877669)--Thread(Thread[#3,main,5,main])--The target entity (reference) class for the many to many mapping element [field servicos] is being defaulted to: class exemplo.jpa.Servico.
[EL Config]: metadata: 2025-08-21 22:02:49.197--ServerSession(391877669)--Thread(Thread[#3,main,5,main])--The access type for the persistent class [class exemplo.jpa.Pedido] is set to [FIELD].
[EL Config]: metadata: 2025-08-21 22:02:49.197--ServerSession(391877669)--Thread(Thread[#3,main,5,main])--The target entity (reference) class for the one to one mapping element [field cliente] is being defaulted to: class exemplo.jpa.Cliente.
[EL Config]: metadata: 2025-08-21 22:02:49.198--ServerSession(391877669)--Thread(Thread[#3,main,5,main])--The access type for the persistent class [class exemplo.jpa.Servico] is set to [FIELD].
[EL Config]: metadata: 2025-08-21 22:02:49.198--ServerSession(391877669)--Thread(Thread[#3,main,5,main])--The target entity (reference) class for the many to many mapping element [field fornecedores] is being defaulted to: class exemplo.jpa.Fornecedor.
[EL Config]: metadata: 2025-08-21 22:02:49.199--ServerSession(391877669)--Thread(Thread[#3,main,5,main])--The access type for the persistent class [class exemplo.jpa.Endereco] is set to [FIELD].
[EL Config]: metadata: 2025-08-21 22:02:49.2--ServerSession(391877669)--Thread(Thread[#3,main,5,main])--The alias name for the entity class [class exemplo.jpa.Cliente] is being defaulted to: Cliente.
[EL Config]: metadata: 2025-08-21 22:02:49.2--ServerSession(391877669)--Thread(Thread[#3,main,5,main])--The alias name for the entity class [class exemplo.jpa.Usuario] is being defaulted to: Usuario.
[EL Config]: metadata: 2025-08-21 22:02:49.208--ServerSession(391877669)--Thread(Thread[#3,main,5,main])--The alias name for the entity class [class exemplo.jpa.Imagem] is being defaulted to: Imagem.
[EL Config]: metadata: 2025-08-21 22:02:49.209--ServerSession(391877669)--Thread(Thread[#3,main,5,main])--The alias name for the entity class [class exemplo.jpa.Fornecedor] is being defaulted to: Fornecedor.
[EL Config]: metadata: 2025-08-21 22:02:49.209--ServerSession(391877669)--Thread(Thread[#3,main,5,main])--The alias name for the entity class [class exemplo.jpa.Pedido] is being defaulted to: Pedido.
[EL Config]: metadata: 2025-08-21 22:02:49.21--ServerSession(391877669)--Thread(Thread[#3,main,5,main])--The alias name for the entity class [class exemplo.jpa.Servico] is being defaulted to: Servico.
[EL Config]: metadata: 2025-08-21 22:02:49.217--ServerSession(391877669)--Thread(Thread[#3,main,5,main])--The primary key column name for the mapping element [field telefones] is being defaulted to: ID.
[EL Config]: metadata: 2025-08-21 22:02:49.221--ServerSession(391877669)--Thread(Thread[#3,main,5,main])--The primary key column name for the mapping element [field cliente] is being defaulted to: ID.
[EL Config]: metadata: 2025-08-21 22:02:49.222--ServerSession(391877669)--Thread(Thread[#3,main,5,main])--The source primary key column name for the many to many mapping [field servicos] is being defaulted to: ID.
[EL Config]: metadata: 2025-08-21 22:02:49.222--ServerSession(391877669)--Thread(Thread[#3,main,5,main])--The target primary key column name for the many to many mapping [field servicos] is being defaulted to: ID.
[EL Info]: 2025-08-21 22:02:49.444--ServerSession(391877669)--Thread(Thread[#3,main,5,main])--EclipseLink, version: Eclipse Persistence Services - 4.0.4.v202407190748-059428cdd2583c46f1f3e50d235854840a6fa9a7
[EL Fine]: connection: 2025-08-21 22:02:49.447--ServerSession(391877669)--Connection(1925785585)--Thread(Thread[#3,main,5,main])--connecting(DatabaseLogin(
	platform=>DerbyPlatform
	user name=> "app"
	datasource URL=> "jdbc:derby://localhost:1527/projeto-semestre;create=true"
))
[EL Config]: connection: 2025-08-21 22:02:49.631--ServerSession(391877669)--Connection(1795468466)--Thread(Thread[#3,main,5,main])--Connected: jdbc:derby://localhost:1527/projeto-semestre;create=true
	User: app
	Database: Apache Derby  Version: 10.17.1.0 - (1913217)
	Driver: Apache Derby Network Client JDBC Driver  Version: 10.16.1.1 - (1901046)
[EL Warning]: metadata: 2025-08-21 22:02:49.637--ServerSession(391877669)--Thread(Thread[#3,main,5,main])--Reverting the lazy setting on the OneToOne or ManyToOne attribute [pedido] for the entity class [class exemplo.jpa.Cliente] since weaving was not enabled or did not occur.
[EL Fine]: connection: 2025-08-21 22:02:49.681--ServerSession(391877669)--Thread(Thread[#3,main,5,main])--/file:/home/rafael/Documentos/projetos/faculdade/desenvolvimento-corporativo/projeto-semestre/target/classes/_projeto-semestre login successful
[EL Fine]: sql: 2025-08-21 22:02:49.692--ServerSession(391877669)--Connection(1795468466)--Thread(Thread[#3,main,5,main])--ALTER TABLE TB_IMAGEM DROP CONSTRAINT TBIMAGEMID_USUARIO
[EL Fine]: sql: 2025-08-21 22:02:49.716--ServerSession(391877669)--Connection(1795468466)--Thread(Thread[#3,main,5,main])--ALTER TABLE TB_FORNECEDOR DROP CONSTRAINT TBFRNECEDORDSUARIO
[EL Fine]: sql: 2025-08-21 22:02:49.727--ServerSession(391877669)--Connection(1795468466)--Thread(Thread[#3,main,5,main])--ALTER TABLE TB_CLIENTE DROP CONSTRAINT TBCLIENTEIDUSUARIO
[EL Fine]: sql: 2025-08-21 22:02:49.731--ServerSession(391877669)--Connection(1795468466)--Thread(Thread[#3,main,5,main])--ALTER TABLE TB_CLIENTE DROP CONSTRAINT TBCLIENTEID_PEDIDO
[EL Fine]: sql: 2025-08-21 22:02:49.741--ServerSession(391877669)--Connection(1795468466)--Thread(Thread[#3,main,5,main])--ALTER TABLE TB_USUARIO_SERVICO DROP CONSTRAINT TBSRIOSERVICODSRIO
[EL Fine]: sql: 2025-08-21 22:02:49.749--ServerSession(391877669)--Connection(1795468466)--Thread(Thread[#3,main,5,main])--ALTER TABLE TB_USUARIO_SERVICO DROP CONSTRAINT TBSROSERVICODSRVCO
[EL Fine]: sql: 2025-08-21 22:02:49.757--ServerSession(391877669)--Connection(1795468466)--Thread(Thread[#3,main,5,main])--ALTER TABLE TB_TELEFONE DROP CONSTRAINT TBTELEFONEDUSUARIO
[EL Fine]: sql: 2025-08-21 22:02:49.766--ServerSession(391877669)--Connection(1795468466)--Thread(Thread[#3,main,5,main])--DROP TABLE TB_IMAGEM
[EL Fine]: sql: 2025-08-21 22:02:49.778--ServerSession(391877669)--Connection(1795468466)--Thread(Thread[#3,main,5,main])--DROP TABLE TB_USUARIO
[EL Fine]: sql: 2025-08-21 22:02:49.801--ServerSession(391877669)--Connection(1795468466)--Thread(Thread[#3,main,5,main])--DROP TABLE TB_FORNECEDOR
[EL Fine]: sql: 2025-08-21 22:02:49.813--ServerSession(391877669)--Connection(1795468466)--Thread(Thread[#3,main,5,main])--DROP TABLE TB_PEDIDO
[EL Fine]: sql: 2025-08-21 22:02:49.834--ServerSession(391877669)--Connection(1795468466)--Thread(Thread[#3,main,5,main])--DROP TABLE TB_SERVICO
[EL Fine]: sql: 2025-08-21 22:02:49.854--ServerSession(391877669)--Connection(1795468466)--Thread(Thread[#3,main,5,main])--DROP TABLE TB_CLIENTE
[EL Fine]: sql: 2025-08-21 22:02:49.869--ServerSession(391877669)--Connection(1795468466)--Thread(Thread[#3,main,5,main])--DROP TABLE TB_USUARIO_SERVICO
[EL Fine]: sql: 2025-08-21 22:02:49.887--ServerSession(391877669)--Connection(1795468466)--Thread(Thread[#3,main,5,main])--DROP TABLE TB_TELEFONE
[EL Fine]: sql: 2025-08-21 22:02:49.914--ServerSession(391877669)--Connection(1795468466)--Thread(Thread[#3,main,5,main])--CREATE TABLE TB_IMAGEM (ID BIGINT GENERATED BY DEFAULT AS IDENTITY NOT NULL, BYTE_IMAGE BLOB(2147483647) NOT NULL, ID_USUARIO BIGINT, PRIMARY KEY (ID))
[EL Fine]: sql: 2025-08-21 22:02:49.93--ServerSession(391877669)--Connection(1795468466)--Thread(Thread[#3,main,5,main])--CREATE TABLE TB_USUARIO (ID BIGINT GENERATED BY DEFAULT AS IDENTITY NOT NULL, DISC_USUARIO VARCHAR(10), TXT_CPF VARCHAR(14) NOT NULL UNIQUE, TXT_EMAIL VARCHAR(50) NOT NULL, TXT_LOGIN VARCHAR(50) NOT NULL UNIQUE, TXT_NOME VARCHAR(255) NOT NULL, TXT_SENHA VARCHAR(20) NOT NULL, END_TXT_BAIRRO VARCHAR(150) NOT NULL, END_TXT_CEP VARCHAR(20) NOT NULL, END_TXT_CIDADE VARCHAR(50) NOT NULL, END_TXT_COMPLEMENTO VARCHAR(30), END_TXT_ESTADO VARCHAR(50) NOT NULL, END_TXT_LOGRADOURO VARCHAR(150) NOT NULL, END_NUMERO INTEGER NOT NULL, PRIMARY KEY (ID))
[EL Fine]: sql: 2025-08-21 22:02:49.968--ServerSession(391877669)--Connection(1795468466)--Thread(Thread[#3,main,5,main])--CREATE TABLE TB_FORNECEDOR (ID_USUARIO BIGINT NOT NULL, PRIMARY KEY (ID_USUARIO))
[EL Fine]: sql: 2025-08-21 22:02:49.983--ServerSession(391877669)--Connection(1795468466)--Thread(Thread[#3,main,5,main])--CREATE TABLE TB_PEDIDO (ID BIGINT GENERATED BY DEFAULT AS IDENTITY NOT NULL, DT_PEDIDO DATE NOT NULL, TXT_TIPO_PAGAMENTO VARCHAR(20) NOT NULL, PRIMARY KEY (ID))
[EL Fine]: sql: 2025-08-21 22:02:49.998--ServerSession(391877669)--Connection(1795468466)--Thread(Thread[#3,main,5,main])--CREATE TABLE TB_SERVICO (ID BIGINT GENERATED BY DEFAULT AS IDENTITY NOT NULL, TXT_NOME VARCHAR(50) NOT NULL, TXT_PRECO FLOAT NOT NULL, TXT_TIPO VARCHAR(50) NOT NULL, PRIMARY KEY (ID))
[EL Fine]: sql: 2025-08-21 22:02:50.012--ServerSession(391877669)--Connection(1795468466)--Thread(Thread[#3,main,5,main])--CREATE TABLE TB_CLIENTE (ID_USUARIO BIGINT NOT NULL, ID_PEDIDO BIGINT, PRIMARY KEY (ID_USUARIO))
[EL Fine]: sql: 2025-08-21 22:02:50.027--ServerSession(391877669)--Connection(1795468466)--Thread(Thread[#3,main,5,main])--CREATE TABLE TB_USUARIO_SERVICO (ID_USUARIO BIGINT NOT NULL, ID_SERVICO BIGINT NOT NULL, PRIMARY KEY (ID_USUARIO, ID_SERVICO))
[EL Fine]: sql: 2025-08-21 22:02:50.04--ServerSession(391877669)--Connection(1795468466)--Thread(Thread[#3,main,5,main])--CREATE TABLE TB_TELEFONE (ID_USUARIO BIGINT NOT NULL, TXT_NUM_TELEFONE VARCHAR(20) NOT NULL)
[EL Fine]: sql: 2025-08-21 22:02:50.047--ServerSession(391877669)--Connection(1795468466)--Thread(Thread[#3,main,5,main])--ALTER TABLE TB_IMAGEM ADD CONSTRAINT TBIMAGEMID_USUARIO FOREIGN KEY (ID_USUARIO) REFERENCES TB_USUARIO (ID)
[EL Fine]: sql: 2025-08-21 22:02:50.06--ServerSession(391877669)--Connection(1795468466)--Thread(Thread[#3,main,5,main])--ALTER TABLE TB_FORNECEDOR ADD CONSTRAINT TBFRNECEDORDSUARIO FOREIGN KEY (ID_USUARIO) REFERENCES TB_USUARIO (ID)
[EL Fine]: sql: 2025-08-21 22:02:50.067--ServerSession(391877669)--Connection(1795468466)--Thread(Thread[#3,main,5,main])--ALTER TABLE TB_CLIENTE ADD CONSTRAINT TBCLIENTEIDUSUARIO FOREIGN KEY (ID_USUARIO) REFERENCES TB_USUARIO (ID)
[EL Fine]: sql: 2025-08-21 22:02:50.07--ServerSession(391877669)--Connection(1795468466)--Thread(Thread[#3,main,5,main])--ALTER TABLE TB_CLIENTE ADD CONSTRAINT TBCLIENTEID_PEDIDO FOREIGN KEY (ID_PEDIDO) REFERENCES TB_PEDIDO (ID)
[EL Fine]: sql: 2025-08-21 22:02:50.08--ServerSession(391877669)--Connection(1795468466)--Thread(Thread[#3,main,5,main])--ALTER TABLE TB_USUARIO_SERVICO ADD CONSTRAINT TBSRIOSERVICODSRIO FOREIGN KEY (ID_USUARIO) REFERENCES TB_USUARIO (ID)
[EL Fine]: sql: 2025-08-21 22:02:50.091--ServerSession(391877669)--Connection(1795468466)--Thread(Thread[#3,main,5,main])--ALTER TABLE TB_USUARIO_SERVICO ADD CONSTRAINT TBSROSERVICODSRVCO FOREIGN KEY (ID_SERVICO) REFERENCES TB_SERVICO (ID)
[EL Fine]: sql: 2025-08-21 22:02:50.101--ServerSession(391877669)--Connection(1795468466)--Thread(Thread[#3,main,5,main])--ALTER TABLE TB_TELEFONE ADD CONSTRAINT TBTELEFONEDUSUARIO FOREIGN KEY (ID_USUARIO) REFERENCES TB_USUARIO (ID)
[EL Fine]: sql: 2025-08-21 22:02:50.543--ClientSession(1886301021)--Connection(1795468466)--Thread(Thread[#3,main,5,main])--INSERT INTO TB_PEDIDO (DT_PEDIDO, TXT_TIPO_PAGAMENTO) VALUES (?, ?)
	bind => [1981-02-25, PIX]
[EL Fine]: sql: 2025-08-21 22:02:50.547--ClientSession(1886301021)--Connection(1795468466)--Thread(Thread[#3,main,5,main])--INSERT INTO TB_USUARIO (TXT_CPF, TXT_EMAIL, TXT_LOGIN, TXT_NOME, TXT_SENHA, END_TXT_BAIRRO, END_TXT_CEP, END_TXT_CIDADE, END_TXT_COMPLEMENTO, END_TXT_ESTADO, END_TXT_LOGRADOURO, END_NUMERO, DISC_USUARIO) VALUES (?, ?, ?, ?, ?, ?, ?, ?, ?, ?, ?, ?, ?)
	bind => [342.645.800-48, fulano-sauro-barbosa@gmail.com, fulano-sauro-barbosa, Fulano da silva sauro barbosa, Teste1@barbosa, Iputinga, 50.690-220, Recife, bloco b, PE, Rua Iolanda Rodrigues Sobral, 550, Cliente]
[EL Fine]: sql: 2025-08-21 22:02:50.55--ClientSession(1886301021)--Connection(1795468466)--Thread(Thread[#3,main,5,main])--INSERT INTO TB_CLIENTE (ID_PEDIDO, ID_USUARIO) VALUES (?, ?)
	bind => [8, 18]
[EL Fine]: sql: 2025-08-21 22:02:50.552--ClientSession(1886301021)--Connection(1795468466)--Thread(Thread[#3,main,5,main])--INSERT INTO TB_TELEFONE (ID_USUARIO, TXT_NUM_TELEFONE) VALUES (?, ?)
	bind => [18, 888884325]
]]></system-out>
    <system-err><![CDATA[ago. 21, 2025 10:02:49 PM org.hibernate.validator.internal.util.Version <clinit>
INFO: HV000001: Hibernate Validator 8.0.1.Final
SLF4J: Failed to load class "org.slf4j.impl.StaticLoggerBinder".
SLF4J: Defaulting to no-operation (NOP) logger implementation
SLF4J: See http://www.slf4j.org/codes.html#StaticLoggerBinder for further details.
ago. 21, 2025 10:02:50 PM exemplo.jpa.teste.ClienteTeste ApersistirCliente
INFORMAÇÕES: Executando persistirrCliente()
]]></system-err>
  </testcase>
  <testcase name="BconsultarCliente" classname="exemplo.jpa.teste.ClienteTeste" time="0.017">
    <system-out><![CDATA[[EL Fine]: sql: 2025-08-21 22:02:50.56--ServerSession(391877669)--Connection(1795468466)--Thread(Thread[#3,main,5,main])--SELECT t0.ID, t0.DISC_USUARIO, t0.TXT_CPF, t0.TXT_EMAIL, t0.TXT_LOGIN, t0.TXT_NOME, t0.TXT_SENHA, t0.END_TXT_BAIRRO, t0.END_TXT_CEP, t0.END_TXT_CIDADE, t0.END_TXT_COMPLEMENTO, t0.END_TXT_ESTADO, t0.END_TXT_LOGRADOURO, t0.END_NUMERO, t1.ID_USUARIO, t1.ID_PEDIDO FROM TB_USUARIO t0, TB_CLIENTE t1 WHERE ((t0.ID = ?) AND ((t1.ID_USUARIO = t0.ID) AND (t0.DISC_USUARIO = ?)))
	bind => [1, Cliente]
[EL Fine]: sql: 2025-08-21 22:02:50.566--ServerSession(391877669)--Connection(1795468466)--Thread(Thread[#3,main,5,main])--SELECT ID, DT_PEDIDO, TXT_TIPO_PAGAMENTO FROM TB_PEDIDO WHERE (ID = ?)
	bind => [1]
[EL Fine]: sql: 2025-08-21 22:02:50.57--ServerSession(391877669)--Connection(1795468466)--Thread(Thread[#3,main,5,main])--SELECT t0.ID, t0.DISC_USUARIO, t0.TXT_CPF, t0.TXT_EMAIL, t0.TXT_LOGIN, t0.TXT_NOME, t0.TXT_SENHA, t0.END_TXT_BAIRRO, t0.END_TXT_CEP, t0.END_TXT_CIDADE, t0.END_TXT_COMPLEMENTO, t0.END_TXT_ESTADO, t0.END_TXT_LOGRADOURO, t0.END_NUMERO, t1.ID_USUARIO, t1.ID_PEDIDO FROM TB_USUARIO t0, TB_CLIENTE t1 WHERE ((t1.ID_PEDIDO = ?) AND ((t1.ID_USUARIO = t0.ID) AND (t0.DISC_USUARIO = ?)))
	bind => [1, Cliente]
[EL Fine]: sql: 2025-08-21 22:02:50.575--ServerSession(391877669)--Connection(1795468466)--Thread(Thread[#3,main,5,main])--SELECT t0.TXT_NUM_TELEFONE FROM TB_TELEFONE t0 WHERE (t0.ID_USUARIO = ?)
	bind => [1]
]]></system-out>
    <system-err><![CDATA[ago. 21, 2025 10:02:50 PM exemplo.jpa.teste.ClienteTeste BconsultarCliente
INFORMAÇÕES: Executando consultarCliente()
]]></system-err>
  </testcase>
  <testcase name="CatualizaCliente" classname="exemplo.jpa.teste.ClienteTeste" time="0.017">
    <system-out><![CDATA[[EL Fine]: sql: 2025-08-21 22:02:50.579--ServerSession(391877669)--Connection(1795468466)--Thread(Thread[#3,main,5,main])--SELECT t0.ID, t0.DISC_USUARIO, t0.TXT_CPF, t0.TXT_EMAIL, t0.TXT_LOGIN, t0.TXT_NOME, t0.TXT_SENHA, t0.END_TXT_BAIRRO, t0.END_TXT_CEP, t0.END_TXT_CIDADE, t0.END_TXT_COMPLEMENTO, t0.END_TXT_ESTADO, t0.END_TXT_LOGRADOURO, t0.END_NUMERO, t1.ID_USUARIO, t1.ID_PEDIDO FROM TB_USUARIO t0, TB_CLIENTE t1 WHERE ((t0.ID = ?) AND ((t1.ID_USUARIO = t0.ID) AND (t0.DISC_USUARIO = ?)))
	bind => [2, Cliente]
[EL Fine]: sql: 2025-08-21 22:02:50.581--ServerSession(391877669)--Connection(1795468466)--Thread(Thread[#3,main,5,main])--SELECT ID, DT_PEDIDO, TXT_TIPO_PAGAMENTO FROM TB_PEDIDO WHERE (ID = ?)
	bind => [2]
[EL Fine]: sql: 2025-08-21 22:02:50.582--ServerSession(391877669)--Connection(1795468466)--Thread(Thread[#3,main,5,main])--SELECT t0.ID, t0.DISC_USUARIO, t0.TXT_CPF, t0.TXT_EMAIL, t0.TXT_LOGIN, t0.TXT_NOME, t0.TXT_SENHA, t0.END_TXT_BAIRRO, t0.END_TXT_CEP, t0.END_TXT_CIDADE, t0.END_TXT_COMPLEMENTO, t0.END_TXT_ESTADO, t0.END_TXT_LOGRADOURO, t0.END_NUMERO, t1.ID_USUARIO, t1.ID_PEDIDO FROM TB_USUARIO t0, TB_CLIENTE t1 WHERE ((t1.ID_PEDIDO = ?) AND ((t1.ID_USUARIO = t0.ID) AND (t0.DISC_USUARIO = ?)))
	bind => [2, Cliente]
[EL Fine]: sql: 2025-08-21 22:02:50.586--ClientSession(21277524)--Connection(1795468466)--Thread(Thread[#3,main,5,main])--UPDATE TB_USUARIO SET TXT_SENHA = ?, END_TXT_CEP = ?, END_TXT_ESTADO = ? WHERE (ID = ?)
	bind => [Nova@123, 01.010-000, SP, 2]
[EL Fine]: sql: 2025-08-21 22:02:50.589--ClientSession(21277524)--Connection(1795468466)--Thread(Thread[#3,main,5,main])--SELECT t0.ID, t0.DISC_USUARIO, t0.TXT_CPF, t0.TXT_EMAIL, t0.TXT_LOGIN, t0.TXT_NOME, t0.TXT_SENHA, t0.END_TXT_BAIRRO, t0.END_TXT_CEP, t0.END_TXT_CIDADE, t0.END_TXT_COMPLEMENTO, t0.END_TXT_ESTADO, t0.END_TXT_LOGRADOURO, t0.END_NUMERO, t1.ID_USUARIO, t1.ID_PEDIDO FROM TB_USUARIO t0, TB_CLIENTE t1 WHERE ((t0.ID = ?) AND ((t1.ID_USUARIO = t0.ID) AND (t0.DISC_USUARIO = ?)))
	bind => [2, Cliente]
[EL Fine]: sql: 2025-08-21 22:02:50.59--ClientSession(21277524)--Connection(1795468466)--Thread(Thread[#3,main,5,main])--SELECT ID, DT_PEDIDO, TXT_TIPO_PAGAMENTO FROM TB_PEDIDO WHERE (ID = ?)
	bind => [2]
[EL Fine]: sql: 2025-08-21 22:02:50.591--ClientSession(21277524)--Connection(1795468466)--Thread(Thread[#3,main,5,main])--SELECT t0.ID, t0.DISC_USUARIO, t0.TXT_CPF, t0.TXT_EMAIL, t0.TXT_LOGIN, t0.TXT_NOME, t0.TXT_SENHA, t0.END_TXT_BAIRRO, t0.END_TXT_CEP, t0.END_TXT_CIDADE, t0.END_TXT_COMPLEMENTO, t0.END_TXT_ESTADO, t0.END_TXT_LOGRADOURO, t0.END_NUMERO, t1.ID_USUARIO, t1.ID_PEDIDO FROM TB_USUARIO t0, TB_CLIENTE t1 WHERE ((t1.ID_PEDIDO = ?) AND ((t1.ID_USUARIO = t0.ID) AND (t0.DISC_USUARIO = ?)))
	bind => [2, Cliente]
]]></system-out>
    <system-err><![CDATA[ago. 21, 2025 10:02:50 PM exemplo.jpa.teste.ClienteTeste CatualizaCliente
INFORMAÇÕES: Executando atualizaCliente()
]]></system-err>
  </testcase>
  <testcase name="DatualizaClienteMerge" classname="exemplo.jpa.teste.ClienteTeste" time="0.021">
    <system-out><![CDATA[[EL Fine]: sql: 2025-08-21 22:02:50.596--ServerSession(391877669)--Connection(1795468466)--Thread(Thread[#3,main,5,main])--SELECT t0.ID, t0.DISC_USUARIO, t0.TXT_CPF, t0.TXT_EMAIL, t0.TXT_LOGIN, t0.TXT_NOME, t0.TXT_SENHA, t0.END_TXT_BAIRRO, t0.END_TXT_CEP, t0.END_TXT_CIDADE, t0.END_TXT_COMPLEMENTO, t0.END_TXT_ESTADO, t0.END_TXT_LOGRADOURO, t0.END_NUMERO, t1.ID_USUARIO, t1.ID_PEDIDO FROM TB_USUARIO t0, TB_CLIENTE t1 WHERE ((t0.ID = ?) AND ((t1.ID_USUARIO = t0.ID) AND (t0.DISC_USUARIO = ?)))
	bind => [2, Cliente]
[EL Fine]: sql: 2025-08-21 22:02:50.598--ServerSession(391877669)--Connection(1795468466)--Thread(Thread[#3,main,5,main])--SELECT ID, DT_PEDIDO, TXT_TIPO_PAGAMENTO FROM TB_PEDIDO WHERE (ID = ?)
	bind => [2]
[EL Fine]: sql: 2025-08-21 22:02:50.599--ServerSession(391877669)--Connection(1795468466)--Thread(Thread[#3,main,5,main])--SELECT t0.ID, t0.DISC_USUARIO, t0.TXT_CPF, t0.TXT_EMAIL, t0.TXT_LOGIN, t0.TXT_NOME, t0.TXT_SENHA, t0.END_TXT_BAIRRO, t0.END_TXT_CEP, t0.END_TXT_CIDADE, t0.END_TXT_COMPLEMENTO, t0.END_TXT_ESTADO, t0.END_TXT_LOGRADOURO, t0.END_NUMERO, t1.ID_USUARIO, t1.ID_PEDIDO FROM TB_USUARIO t0, TB_CLIENTE t1 WHERE ((t1.ID_PEDIDO = ?) AND ((t1.ID_USUARIO = t0.ID) AND (t0.DISC_USUARIO = ?)))
	bind => [2, Cliente]
[EL Fine]: sql: 2025-08-21 22:02:50.602--ServerSession(391877669)--Connection(1795468466)--Thread(Thread[#3,main,5,main])--SELECT t0.ID, t0.DISC_USUARIO, t0.TXT_CPF, t0.TXT_EMAIL, t0.TXT_LOGIN, t0.TXT_NOME, t0.TXT_SENHA, t0.END_TXT_BAIRRO, t0.END_TXT_CEP, t0.END_TXT_CIDADE, t0.END_TXT_COMPLEMENTO, t0.END_TXT_ESTADO, t0.END_TXT_LOGRADOURO, t0.END_NUMERO, t1.ID_USUARIO, t1.ID_PEDIDO FROM TB_USUARIO t0, TB_CLIENTE t1 WHERE ((t0.ID = ?) AND ((t1.ID_USUARIO = t0.ID) AND (t0.DISC_USUARIO = ?)))
	bind => [2, Cliente]
[EL Fine]: sql: 2025-08-21 22:02:50.603--ServerSession(391877669)--Connection(1795468466)--Thread(Thread[#3,main,5,main])--SELECT ID, DT_PEDIDO, TXT_TIPO_PAGAMENTO FROM TB_PEDIDO WHERE (ID = ?)
	bind => [2]
[EL Fine]: sql: 2025-08-21 22:02:50.604--ServerSession(391877669)--Connection(1795468466)--Thread(Thread[#3,main,5,main])--SELECT t0.ID, t0.DISC_USUARIO, t0.TXT_CPF, t0.TXT_EMAIL, t0.TXT_LOGIN, t0.TXT_NOME, t0.TXT_SENHA, t0.END_TXT_BAIRRO, t0.END_TXT_CEP, t0.END_TXT_CIDADE, t0.END_TXT_COMPLEMENTO, t0.END_TXT_ESTADO, t0.END_TXT_LOGRADOURO, t0.END_NUMERO, t1.ID_USUARIO, t1.ID_PEDIDO FROM TB_USUARIO t0, TB_CLIENTE t1 WHERE ((t1.ID_PEDIDO = ?) AND ((t1.ID_USUARIO = t0.ID) AND (t0.DISC_USUARIO = ?)))
	bind => [2, Cliente]
[EL Fine]: sql: 2025-08-21 22:02:50.608--ClientSession(1135870515)--Connection(1795468466)--Thread(Thread[#3,main,5,main])--UPDATE TB_USUARIO SET TXT_EMAIL = ? WHERE (ID = ?)
	bind => [alice-maria@email.com, 2]
[EL Fine]: sql: 2025-08-21 22:02:50.611--ClientSession(1135870515)--Connection(1795468466)--Thread(Thread[#3,main,5,main])--SELECT t0.ID, t0.DISC_USUARIO, t0.TXT_CPF, t0.TXT_EMAIL, t0.TXT_LOGIN, t0.TXT_NOME, t0.TXT_SENHA, t0.END_TXT_BAIRRO, t0.END_TXT_CEP, t0.END_TXT_CIDADE, t0.END_TXT_COMPLEMENTO, t0.END_TXT_ESTADO, t0.END_TXT_LOGRADOURO, t0.END_NUMERO, t1.ID_USUARIO, t1.ID_PEDIDO FROM TB_USUARIO t0, TB_CLIENTE t1 WHERE ((t0.ID = ?) AND ((t1.ID_USUARIO = t0.ID) AND (t0.DISC_USUARIO = ?)))
	bind => [2, Cliente]
[EL Fine]: sql: 2025-08-21 22:02:50.612--ClientSession(1135870515)--Connection(1795468466)--Thread(Thread[#3,main,5,main])--SELECT ID, DT_PEDIDO, TXT_TIPO_PAGAMENTO FROM TB_PEDIDO WHERE (ID = ?)
	bind => [2]
[EL Fine]: sql: 2025-08-21 22:02:50.613--ClientSession(1135870515)--Connection(1795468466)--Thread(Thread[#3,main,5,main])--SELECT t0.ID, t0.DISC_USUARIO, t0.TXT_CPF, t0.TXT_EMAIL, t0.TXT_LOGIN, t0.TXT_NOME, t0.TXT_SENHA, t0.END_TXT_BAIRRO, t0.END_TXT_CEP, t0.END_TXT_CIDADE, t0.END_TXT_COMPLEMENTO, t0.END_TXT_ESTADO, t0.END_TXT_LOGRADOURO, t0.END_NUMERO, t1.ID_USUARIO, t1.ID_PEDIDO FROM TB_USUARIO t0, TB_CLIENTE t1 WHERE ((t1.ID_PEDIDO = ?) AND ((t1.ID_USUARIO = t0.ID) AND (t0.DISC_USUARIO = ?)))
	bind => [2, Cliente]
]]></system-out>
    <system-err><![CDATA[ago. 21, 2025 10:02:50 PM exemplo.jpa.teste.ClienteTeste DatualizaClienteMerge
INFORMAÇÕES: Executando atualizaClienteMerge()
]]></system-err>
  </testcase>
  <testcase name="EremoveCliente" classname="exemplo.jpa.teste.ClienteTeste" time="0.029">
    <system-out><![CDATA[[EL Fine]: sql: 2025-08-21 22:02:50.617--ServerSession(391877669)--Connection(1795468466)--Thread(Thread[#3,main,5,main])--SELECT t0.ID, t0.DISC_USUARIO, t0.TXT_CPF, t0.TXT_EMAIL, t0.TXT_LOGIN, t0.TXT_NOME, t0.TXT_SENHA, t0.END_TXT_BAIRRO, t0.END_TXT_CEP, t0.END_TXT_CIDADE, t0.END_TXT_COMPLEMENTO, t0.END_TXT_ESTADO, t0.END_TXT_LOGRADOURO, t0.END_NUMERO, t1.ID_USUARIO, t1.ID_PEDIDO FROM TB_USUARIO t0, TB_CLIENTE t1 WHERE ((t0.ID = ?) AND ((t1.ID_USUARIO = t0.ID) AND (t0.DISC_USUARIO = ?)))
	bind => [2, Cliente]
[EL Fine]: sql: 2025-08-21 22:02:50.618--ServerSession(391877669)--Connection(1795468466)--Thread(Thread[#3,main,5,main])--SELECT ID, DT_PEDIDO, TXT_TIPO_PAGAMENTO FROM TB_PEDIDO WHERE (ID = ?)
	bind => [2]
[EL Fine]: sql: 2025-08-21 22:02:50.619--ServerSession(391877669)--Connection(1795468466)--Thread(Thread[#3,main,5,main])--SELECT t0.ID, t0.DISC_USUARIO, t0.TXT_CPF, t0.TXT_EMAIL, t0.TXT_LOGIN, t0.TXT_NOME, t0.TXT_SENHA, t0.END_TXT_BAIRRO, t0.END_TXT_CEP, t0.END_TXT_CIDADE, t0.END_TXT_COMPLEMENTO, t0.END_TXT_ESTADO, t0.END_TXT_LOGRADOURO, t0.END_NUMERO, t1.ID_USUARIO, t1.ID_PEDIDO FROM TB_USUARIO t0, TB_CLIENTE t1 WHERE ((t1.ID_PEDIDO = ?) AND ((t1.ID_USUARIO = t0.ID) AND (t0.DISC_USUARIO = ?)))
	bind => [2, Cliente]
[EL Fine]: sql: 2025-08-21 22:02:50.62--ServerSession(391877669)--Connection(1795468466)--Thread(Thread[#3,main,5,main])--SELECT ID, BYTE_IMAGE, ID_USUARIO FROM TB_IMAGEM WHERE (ID_USUARIO = ?)
	bind => [2]
[EL Fine]: sql: 2025-08-21 22:02:50.63--ClientSession(353296011)--Connection(1795468466)--Thread(Thread[#3,main,5,main])--DELETE FROM TB_IMAGEM WHERE (ID = ?)
	bind => [1]
[EL Fine]: sql: 2025-08-21 22:02:50.633--ClientSession(353296011)--Connection(1795468466)--Thread(Thread[#3,main,5,main])--DELETE FROM TB_IMAGEM WHERE (ID = ?)
	bind => [2]
[EL Fine]: sql: 2025-08-21 22:02:50.634--ClientSession(353296011)--Connection(1795468466)--Thread(Thread[#3,main,5,main])--DELETE FROM TB_IMAGEM WHERE (ID = ?)
	bind => [3]
[EL Fine]: sql: 2025-08-21 22:02:50.634--ClientSession(353296011)--Connection(1795468466)--Thread(Thread[#3,main,5,main])--DELETE FROM TB_IMAGEM WHERE (ID = ?)
	bind => [4]
[EL Fine]: sql: 2025-08-21 22:02:50.635--ClientSession(353296011)--Connection(1795468466)--Thread(Thread[#3,main,5,main])--DELETE FROM TB_TELEFONE WHERE (ID_USUARIO = ?)
	bind => [2]
[EL Fine]: sql: 2025-08-21 22:02:50.637--ClientSession(353296011)--Connection(1795468466)--Thread(Thread[#3,main,5,main])--DELETE FROM TB_CLIENTE WHERE (ID_USUARIO = ?)
	bind => [2]
[EL Fine]: sql: 2025-08-21 22:02:50.638--ClientSession(353296011)--Connection(1795468466)--Thread(Thread[#3,main,5,main])--DELETE FROM TB_USUARIO WHERE (ID = ?)
	bind => [2]
[EL Fine]: sql: 2025-08-21 22:02:50.641--ClientSession(353296011)--Connection(1795468466)--Thread(Thread[#3,main,5,main])--DELETE FROM TB_PEDIDO WHERE (ID = ?)
	bind => [2]
[EL Fine]: sql: 2025-08-21 22:02:50.643--ClientSession(353296011)--Connection(1795468466)--Thread(Thread[#3,main,5,main])--SELECT t0.ID, t0.DISC_USUARIO, t0.TXT_CPF, t0.TXT_EMAIL, t0.TXT_LOGIN, t0.TXT_NOME, t0.TXT_SENHA, t0.END_TXT_BAIRRO, t0.END_TXT_CEP, t0.END_TXT_CIDADE, t0.END_TXT_COMPLEMENTO, t0.END_TXT_ESTADO, t0.END_TXT_LOGRADOURO, t0.END_NUMERO, t1.ID_USUARIO, t1.ID_PEDIDO FROM TB_USUARIO t0, TB_CLIENTE t1 WHERE ((t0.ID = ?) AND ((t1.ID_USUARIO = t0.ID) AND (t0.DISC_USUARIO = ?)))
	bind => [2, Cliente]
]]></system-out>
    <system-err><![CDATA[ago. 21, 2025 10:02:50 PM exemplo.jpa.teste.ClienteTeste EremoveCliente
INFORMAÇÕES: Executando removeCliente()
]]></system-err>
  </testcase>
  <testcase name="ApersistirFornecedor" classname="exemplo.jpa.teste.FornecedorTeste" time="0.048">
    <system-out><![CDATA[[EL Fine]: connection: 2025-08-21 22:02:50.646--ServerSession(391877669)--Connection(1795468466)--Thread(Thread[#3,main,5,main])--disconnect
[EL Fine]: connection: 2025-08-21 22:02:50.647--ServerSession(391877669)--Thread(Thread[#3,main,5,main])--/file:/home/rafael/Documentos/projetos/faculdade/desenvolvimento-corporativo/projeto-semestre/target/classes/_projeto-semestre logout successful
[EL Fine]: connection: 2025-08-21 22:02:50.647--ServerSession(391877669)--Connection(1925785585)--Thread(Thread[#3,main,5,main])--disconnect
[EL Fine]: moxy: 2025-08-21 22:02:50.648--Thread(Thread[#3,main,5,main])--SAXParserFactory instance: com.sun.org.apache.xerces.internal.jaxp.SAXParserFactoryImpl@4d192aef
[EL Fine]: server: 2025-08-21 22:02:50.651--Thread(Thread[#3,main,5,main])--Configured server platform: org.eclipse.persistence.platform.server.NoServerPlatform
[EL Config]: metadata: 2025-08-21 22:02:50.659--ServerSession(337039263)--Thread(Thread[#3,main,5,main])--The access type for the persistent class [class exemplo.jpa.Usuario] is set to [FIELD].
[EL Config]: metadata: 2025-08-21 22:02:50.66--ServerSession(337039263)--Thread(Thread[#3,main,5,main])--The target class (reference) class for the element collection mapping element [field telefones] is being defaulted to: class java.lang.String.
[EL Config]: metadata: 2025-08-21 22:02:50.661--ServerSession(337039263)--Thread(Thread[#3,main,5,main])--The access type for the persistent class [class exemplo.jpa.Cliente] is set to [FIELD].
[EL Config]: metadata: 2025-08-21 22:02:50.661--ServerSession(337039263)--Thread(Thread[#3,main,5,main])--The target entity (reference) class for the one to many mapping element [field imagens] is being defaulted to: class exemplo.jpa.Imagem.
[EL Config]: metadata: 2025-08-21 22:02:50.662--ServerSession(337039263)--Thread(Thread[#3,main,5,main])--The target entity (reference) class for the one to one mapping element [field pedido] is being defaulted to: class exemplo.jpa.Pedido.
[EL Config]: metadata: 2025-08-21 22:02:50.662--ServerSession(337039263)--Thread(Thread[#3,main,5,main])--The access type for the persistent class [class exemplo.jpa.Imagem] is set to [FIELD].
[EL Config]: metadata: 2025-08-21 22:02:50.662--ServerSession(337039263)--Thread(Thread[#3,main,5,main])--The target entity (reference) class for the many to one mapping element [field cliente] is being defaulted to: class exemplo.jpa.Cliente.
[EL Config]: metadata: 2025-08-21 22:02:50.662--ServerSession(337039263)--Thread(Thread[#3,main,5,main])--The access type for the persistent class [class exemplo.jpa.Fornecedor] is set to [FIELD].
[EL Config]: metadata: 2025-08-21 22:02:50.663--ServerSession(337039263)--Thread(Thread[#3,main,5,main])--The target entity (reference) class for the many to many mapping element [field servicos] is being defaulted to: class exemplo.jpa.Servico.
[EL Config]: metadata: 2025-08-21 22:02:50.663--ServerSession(337039263)--Thread(Thread[#3,main,5,main])--The access type for the persistent class [class exemplo.jpa.Pedido] is set to [FIELD].
[EL Config]: metadata: 2025-08-21 22:02:50.663--ServerSession(337039263)--Thread(Thread[#3,main,5,main])--The target entity (reference) class for the one to one mapping element [field cliente] is being defaulted to: class exemplo.jpa.Cliente.
[EL Config]: metadata: 2025-08-21 22:02:50.663--ServerSession(337039263)--Thread(Thread[#3,main,5,main])--The access type for the persistent class [class exemplo.jpa.Servico] is set to [FIELD].
[EL Config]: metadata: 2025-08-21 22:02:50.664--ServerSession(337039263)--Thread(Thread[#3,main,5,main])--The target entity (reference) class for the many to many mapping element [field fornecedores] is being defaulted to: class exemplo.jpa.Fornecedor.
[EL Config]: metadata: 2025-08-21 22:02:50.664--ServerSession(337039263)--Thread(Thread[#3,main,5,main])--The access type for the persistent class [class exemplo.jpa.Endereco] is set to [FIELD].
[EL Config]: metadata: 2025-08-21 22:02:50.665--ServerSession(337039263)--Thread(Thread[#3,main,5,main])--The alias name for the entity class [class exemplo.jpa.Cliente] is being defaulted to: Cliente.
[EL Config]: metadata: 2025-08-21 22:02:50.665--ServerSession(337039263)--Thread(Thread[#3,main,5,main])--The alias name for the entity class [class exemplo.jpa.Usuario] is being defaulted to: Usuario.
[EL Config]: metadata: 2025-08-21 22:02:50.667--ServerSession(337039263)--Thread(Thread[#3,main,5,main])--The alias name for the entity class [class exemplo.jpa.Imagem] is being defaulted to: Imagem.
[EL Config]: metadata: 2025-08-21 22:02:50.667--ServerSession(337039263)--Thread(Thread[#3,main,5,main])--The alias name for the entity class [class exemplo.jpa.Fornecedor] is being defaulted to: Fornecedor.
[EL Config]: metadata: 2025-08-21 22:02:50.667--ServerSession(337039263)--Thread(Thread[#3,main,5,main])--The alias name for the entity class [class exemplo.jpa.Pedido] is being defaulted to: Pedido.
[EL Config]: metadata: 2025-08-21 22:02:50.668--ServerSession(337039263)--Thread(Thread[#3,main,5,main])--The alias name for the entity class [class exemplo.jpa.Servico] is being defaulted to: Servico.
[EL Config]: metadata: 2025-08-21 22:02:50.668--ServerSession(337039263)--Thread(Thread[#3,main,5,main])--The primary key column name for the mapping element [field telefones] is being defaulted to: ID.
[EL Config]: metadata: 2025-08-21 22:02:50.669--ServerSession(337039263)--Thread(Thread[#3,main,5,main])--The primary key column name for the mapping element [field cliente] is being defaulted to: ID.
[EL Config]: metadata: 2025-08-21 22:02:50.669--ServerSession(337039263)--Thread(Thread[#3,main,5,main])--The source primary key column name for the many to many mapping [field servicos] is being defaulted to: ID.
[EL Config]: metadata: 2025-08-21 22:02:50.669--ServerSession(337039263)--Thread(Thread[#3,main,5,main])--The target primary key column name for the many to many mapping [field servicos] is being defaulted to: ID.
[EL Info]: 2025-08-21 22:02:50.675--ServerSession(337039263)--Thread(Thread[#3,main,5,main])--EclipseLink, version: Eclipse Persistence Services - 4.0.4.v202407190748-059428cdd2583c46f1f3e50d235854840a6fa9a7
[EL Fine]: connection: 2025-08-21 22:02:50.676--ServerSession(337039263)--Connection(1649884294)--Thread(Thread[#3,main,5,main])--connecting(DatabaseLogin(
	platform=>DerbyPlatform
	user name=> "app"
	datasource URL=> "jdbc:derby://localhost:1527/projeto-semestre;create=true"
))
[EL Config]: connection: 2025-08-21 22:02:50.678--ServerSession(337039263)--Connection(605600260)--Thread(Thread[#3,main,5,main])--Connected: jdbc:derby://localhost:1527/projeto-semestre;create=true
	User: app
	Database: Apache Derby  Version: 10.17.1.0 - (1913217)
	Driver: Apache Derby Network Client JDBC Driver  Version: 10.16.1.1 - (1901046)
[EL Warning]: metadata: 2025-08-21 22:02:50.678--ServerSession(337039263)--Thread(Thread[#3,main,5,main])--Reverting the lazy setting on the OneToOne or ManyToOne attribute [pedido] for the entity class [class exemplo.jpa.Cliente] since weaving was not enabled or did not occur.
[EL Fine]: connection: 2025-08-21 22:02:50.682--ServerSession(337039263)--Thread(Thread[#3,main,5,main])--/file:/home/rafael/Documentos/projetos/faculdade/desenvolvimento-corporativo/projeto-semestre/target/classes/_projeto-semestre login successful
[EL Fine]: sql: 2025-08-21 22:02:50.684--ServerSession(337039263)--Connection(605600260)--Thread(Thread[#3,main,5,main])--ALTER TABLE TB_IMAGEM DROP CONSTRAINT TBIMAGEMID_USUARIO
[EL Fine]: sql: 2025-08-21 22:02:50.698--ServerSession(337039263)--Connection(605600260)--Thread(Thread[#3,main,5,main])--ALTER TABLE TB_FORNECEDOR DROP CONSTRAINT TBFRNECEDORDSUARIO
[EL Fine]: sql: 2025-08-21 22:02:50.703--ServerSession(337039263)--Connection(605600260)--Thread(Thread[#3,main,5,main])--ALTER TABLE TB_CLIENTE DROP CONSTRAINT TBCLIENTEIDUSUARIO
[EL Fine]: sql: 2025-08-21 22:02:50.71--ServerSession(337039263)--Connection(605600260)--Thread(Thread[#3,main,5,main])--ALTER TABLE TB_CLIENTE DROP CONSTRAINT TBCLIENTEID_PEDIDO
[EL Fine]: sql: 2025-08-21 22:02:50.724--ServerSession(337039263)--Connection(605600260)--Thread(Thread[#3,main,5,main])--ALTER TABLE TB_USUARIO_SERVICO DROP CONSTRAINT TBSRIOSERVICODSRIO
[EL Fine]: sql: 2025-08-21 22:02:50.738--ServerSession(337039263)--Connection(605600260)--Thread(Thread[#3,main,5,main])--ALTER TABLE TB_USUARIO_SERVICO DROP CONSTRAINT TBSROSERVICODSRVCO
[EL Fine]: sql: 2025-08-21 22:02:50.747--ServerSession(337039263)--Connection(605600260)--Thread(Thread[#3,main,5,main])--ALTER TABLE TB_TELEFONE DROP CONSTRAINT TBTELEFONEDUSUARIO
[EL Fine]: sql: 2025-08-21 22:02:50.755--ServerSession(337039263)--Connection(605600260)--Thread(Thread[#3,main,5,main])--DROP TABLE TB_IMAGEM
[EL Fine]: sql: 2025-08-21 22:02:50.767--ServerSession(337039263)--Connection(605600260)--Thread(Thread[#3,main,5,main])--DROP TABLE TB_USUARIO
[EL Fine]: sql: 2025-08-21 22:02:50.789--ServerSession(337039263)--Connection(605600260)--Thread(Thread[#3,main,5,main])--DROP TABLE TB_FORNECEDOR
[EL Fine]: sql: 2025-08-21 22:02:50.802--ServerSession(337039263)--Connection(605600260)--Thread(Thread[#3,main,5,main])--DROP TABLE TB_PEDIDO
[EL Fine]: sql: 2025-08-21 22:02:50.817--ServerSession(337039263)--Connection(605600260)--Thread(Thread[#3,main,5,main])--DROP TABLE TB_SERVICO
[EL Fine]: sql: 2025-08-21 22:02:50.835--ServerSession(337039263)--Connection(605600260)--Thread(Thread[#3,main,5,main])--DROP TABLE TB_CLIENTE
[EL Fine]: sql: 2025-08-21 22:02:50.847--ServerSession(337039263)--Connection(605600260)--Thread(Thread[#3,main,5,main])--DROP TABLE TB_USUARIO_SERVICO
[EL Fine]: sql: 2025-08-21 22:02:50.86--ServerSession(337039263)--Connection(605600260)--Thread(Thread[#3,main,5,main])--DROP TABLE TB_TELEFONE
[EL Fine]: sql: 2025-08-21 22:02:50.869--ServerSession(337039263)--Connection(605600260)--Thread(Thread[#3,main,5,main])--CREATE TABLE TB_IMAGEM (ID BIGINT GENERATED BY DEFAULT AS IDENTITY NOT NULL, BYTE_IMAGE BLOB(2147483647) NOT NULL, ID_USUARIO BIGINT, PRIMARY KEY (ID))
[EL Fine]: sql: 2025-08-21 22:02:50.883--ServerSession(337039263)--Connection(605600260)--Thread(Thread[#3,main,5,main])--CREATE TABLE TB_USUARIO (ID BIGINT GENERATED BY DEFAULT AS IDENTITY NOT NULL, DISC_USUARIO VARCHAR(10), TXT_CPF VARCHAR(14) NOT NULL UNIQUE, TXT_EMAIL VARCHAR(50) NOT NULL, TXT_LOGIN VARCHAR(50) NOT NULL UNIQUE, TXT_NOME VARCHAR(255) NOT NULL, TXT_SENHA VARCHAR(20) NOT NULL, END_TXT_BAIRRO VARCHAR(150) NOT NULL, END_TXT_CEP VARCHAR(20) NOT NULL, END_TXT_CIDADE VARCHAR(50) NOT NULL, END_TXT_COMPLEMENTO VARCHAR(30), END_TXT_ESTADO VARCHAR(50) NOT NULL, END_TXT_LOGRADOURO VARCHAR(150) NOT NULL, END_NUMERO INTEGER NOT NULL, PRIMARY KEY (ID))
[EL Fine]: sql: 2025-08-21 22:02:50.91--ServerSession(337039263)--Connection(605600260)--Thread(Thread[#3,main,5,main])--CREATE TABLE TB_FORNECEDOR (ID_USUARIO BIGINT NOT NULL, PRIMARY KEY (ID_USUARIO))
[EL Fine]: sql: 2025-08-21 22:02:50.929--ServerSession(337039263)--Connection(605600260)--Thread(Thread[#3,main,5,main])--CREATE TABLE TB_PEDIDO (ID BIGINT GENERATED BY DEFAULT AS IDENTITY NOT NULL, DT_PEDIDO DATE NOT NULL, TXT_TIPO_PAGAMENTO VARCHAR(20) NOT NULL, PRIMARY KEY (ID))
[EL Fine]: sql: 2025-08-21 22:02:50.948--ServerSession(337039263)--Connection(605600260)--Thread(Thread[#3,main,5,main])--CREATE TABLE TB_SERVICO (ID BIGINT GENERATED BY DEFAULT AS IDENTITY NOT NULL, TXT_NOME VARCHAR(50) NOT NULL, TXT_PRECO FLOAT NOT NULL, TXT_TIPO VARCHAR(50) NOT NULL, PRIMARY KEY (ID))
[EL Fine]: sql: 2025-08-21 22:02:50.963--ServerSession(337039263)--Connection(605600260)--Thread(Thread[#3,main,5,main])--CREATE TABLE TB_CLIENTE (ID_USUARIO BIGINT NOT NULL, ID_PEDIDO BIGINT, PRIMARY KEY (ID_USUARIO))
[EL Fine]: sql: 2025-08-21 22:02:50.976--ServerSession(337039263)--Connection(605600260)--Thread(Thread[#3,main,5,main])--CREATE TABLE TB_USUARIO_SERVICO (ID_USUARIO BIGINT NOT NULL, ID_SERVICO BIGINT NOT NULL, PRIMARY KEY (ID_USUARIO, ID_SERVICO))
[EL Fine]: sql: 2025-08-21 22:02:50.992--ServerSession(337039263)--Connection(605600260)--Thread(Thread[#3,main,5,main])--CREATE TABLE TB_TELEFONE (ID_USUARIO BIGINT NOT NULL, TXT_NUM_TELEFONE VARCHAR(20) NOT NULL)
[EL Fine]: sql: 2025-08-21 22:02:50.998--ServerSession(337039263)--Connection(605600260)--Thread(Thread[#3,main,5,main])--ALTER TABLE TB_IMAGEM ADD CONSTRAINT TBIMAGEMID_USUARIO FOREIGN KEY (ID_USUARIO) REFERENCES TB_USUARIO (ID)
[EL Fine]: sql: 2025-08-21 22:02:51.008--ServerSession(337039263)--Connection(605600260)--Thread(Thread[#3,main,5,main])--ALTER TABLE TB_FORNECEDOR ADD CONSTRAINT TBFRNECEDORDSUARIO FOREIGN KEY (ID_USUARIO) REFERENCES TB_USUARIO (ID)
[EL Fine]: sql: 2025-08-21 22:02:51.012--ServerSession(337039263)--Connection(605600260)--Thread(Thread[#3,main,5,main])--ALTER TABLE TB_CLIENTE ADD CONSTRAINT TBCLIENTEIDUSUARIO FOREIGN KEY (ID_USUARIO) REFERENCES TB_USUARIO (ID)
[EL Fine]: sql: 2025-08-21 22:02:51.016--ServerSession(337039263)--Connection(605600260)--Thread(Thread[#3,main,5,main])--ALTER TABLE TB_CLIENTE ADD CONSTRAINT TBCLIENTEID_PEDIDO FOREIGN KEY (ID_PEDIDO) REFERENCES TB_PEDIDO (ID)
[EL Fine]: sql: 2025-08-21 22:02:51.027--ServerSession(337039263)--Connection(605600260)--Thread(Thread[#3,main,5,main])--ALTER TABLE TB_USUARIO_SERVICO ADD CONSTRAINT TBSRIOSERVICODSRIO FOREIGN KEY (ID_USUARIO) REFERENCES TB_USUARIO (ID)
[EL Fine]: sql: 2025-08-21 22:02:51.039--ServerSession(337039263)--Connection(605600260)--Thread(Thread[#3,main,5,main])--ALTER TABLE TB_USUARIO_SERVICO ADD CONSTRAINT TBSROSERVICODSRVCO FOREIGN KEY (ID_SERVICO) REFERENCES TB_SERVICO (ID)
[EL Fine]: sql: 2025-08-21 22:02:51.05--ServerSession(337039263)--Connection(605600260)--Thread(Thread[#3,main,5,main])--ALTER TABLE TB_TELEFONE ADD CONSTRAINT TBTELEFONEDUSUARIO FOREIGN KEY (ID_USUARIO) REFERENCES TB_USUARIO (ID)
[EL Fine]: sql: 2025-08-21 22:02:51.377--ClientSession(1119277260)--Connection(605600260)--Thread(Thread[#3,main,5,main])--INSERT INTO TB_USUARIO (TXT_CPF, TXT_EMAIL, TXT_LOGIN, TXT_NOME, TXT_SENHA, END_TXT_BAIRRO, END_TXT_CEP, END_TXT_CIDADE, END_TXT_COMPLEMENTO, END_TXT_ESTADO, END_TXT_LOGRADOURO, END_NUMERO, DISC_USUARIO) VALUES (?, ?, ?, ?, ?, ?, ?, ?, ?, ?, ?, ?, ?)
	bind => [152.792.090-90, fulano@gmail.com, fulano, Fulano da silva, Teste@123, Iputinga, 50.690-220, Recife, null, PE, Rua Iolanda Rodrigues Sobral, 550, Fornecedor]
[EL Fine]: sql: 2025-08-21 22:02:51.381--ClientSession(1119277260)--Connection(605600260)--Thread(Thread[#3,main,5,main])--INSERT INTO TB_SERVICO (TXT_NOME, TXT_PRECO, TXT_TIPO) VALUES (?, ?, ?)
	bind => [Passagem, 301.2, Físico]
[EL Fine]: sql: 2025-08-21 22:02:51.383--ClientSession(1119277260)--Connection(605600260)--Thread(Thread[#3,main,5,main])--INSERT INTO TB_FORNECEDOR (ID_USUARIO) VALUES (?)
	bind => [18]
[EL Fine]: sql: 2025-08-21 22:02:51.385--ClientSession(1119277260)--Connection(605600260)--Thread(Thread[#3,main,5,main])--INSERT INTO TB_TELEFONE (ID_USUARIO, TXT_NUM_TELEFONE) VALUES (?, ?)
	bind => [18, 888884325]
[EL Fine]: sql: 2025-08-21 22:02:51.387--ClientSession(1119277260)--Connection(605600260)--Thread(Thread[#3,main,5,main])--INSERT INTO TB_USUARIO_SERVICO (ID_SERVICO, ID_USUARIO) VALUES (?, ?)
	bind => [12, 18]
]]></system-out>
  </testcase>
  <testcase name="BconsultarFornecedor" classname="exemplo.jpa.teste.FornecedorTeste" time="0.01">
    <system-out><![CDATA[[EL Fine]: sql: 2025-08-21 22:02:51.391--ServerSession(337039263)--Connection(605600260)--Thread(Thread[#3,main,5,main])--SELECT t0.ID, t0.DISC_USUARIO, t0.TXT_CPF, t0.TXT_EMAIL, t0.TXT_LOGIN, t0.TXT_NOME, t0.TXT_SENHA, t0.END_TXT_BAIRRO, t0.END_TXT_CEP, t0.END_TXT_CIDADE, t0.END_TXT_COMPLEMENTO, t0.END_TXT_ESTADO, t0.END_TXT_LOGRADOURO, t0.END_NUMERO, t1.ID_USUARIO FROM TB_USUARIO t0, TB_FORNECEDOR t1 WHERE ((t0.ID = ?) AND ((t1.ID_USUARIO = t0.ID) AND (t0.DISC_USUARIO = ?)))
	bind => [3, Fornecedor]
[EL Fine]: sql: 2025-08-21 22:02:51.396--ServerSession(337039263)--Connection(605600260)--Thread(Thread[#3,main,5,main])--SELECT t1.ID, t1.TXT_NOME, t1.TXT_PRECO, t1.TXT_TIPO FROM TB_USUARIO_SERVICO t0, TB_SERVICO t1 WHERE ((t0.ID_USUARIO = ?) AND (t1.ID = t0.ID_SERVICO))
	bind => [3]
[EL Fine]: sql: 2025-08-21 22:02:51.399--ServerSession(337039263)--Connection(605600260)--Thread(Thread[#3,main,5,main])--SELECT t0.TXT_NUM_TELEFONE FROM TB_TELEFONE t0 WHERE (t0.ID_USUARIO = ?)
	bind => [3]
]]></system-out>
  </testcase>
  <testcase name="CatualizaFornecedor" classname="exemplo.jpa.teste.FornecedorTeste" time="0.009">
    <system-out><![CDATA[[EL Fine]: sql: 2025-08-21 22:02:51.402--ServerSession(337039263)--Connection(605600260)--Thread(Thread[#3,main,5,main])--SELECT t0.ID, t0.DISC_USUARIO, t0.TXT_CPF, t0.TXT_EMAIL, t0.TXT_LOGIN, t0.TXT_NOME, t0.TXT_SENHA, t0.END_TXT_BAIRRO, t0.END_TXT_CEP, t0.END_TXT_CIDADE, t0.END_TXT_COMPLEMENTO, t0.END_TXT_ESTADO, t0.END_TXT_LOGRADOURO, t0.END_NUMERO, t1.ID_USUARIO FROM TB_USUARIO t0, TB_FORNECEDOR t1 WHERE ((t0.ID = ?) AND ((t1.ID_USUARIO = t0.ID) AND (t0.DISC_USUARIO = ?)))
	bind => [3, Fornecedor]
[EL Fine]: sql: 2025-08-21 22:02:51.404--ClientSession(886343183)--Connection(605600260)--Thread(Thread[#3,main,5,main])--UPDATE TB_USUARIO SET TXT_SENHA = ?, END_TXT_CEP = ? WHERE (ID = ?)
	bind => [Nova@123, 69.000-001, 3]
[EL Fine]: sql: 2025-08-21 22:02:51.407--ClientSession(886343183)--Connection(605600260)--Thread(Thread[#3,main,5,main])--SELECT t0.ID, t0.DISC_USUARIO, t0.TXT_CPF, t0.TXT_EMAIL, t0.TXT_LOGIN, t0.TXT_NOME, t0.TXT_SENHA, t0.END_TXT_BAIRRO, t0.END_TXT_CEP, t0.END_TXT_CIDADE, t0.END_TXT_COMPLEMENTO, t0.END_TXT_ESTADO, t0.END_TXT_LOGRADOURO, t0.END_NUMERO, t1.ID_USUARIO FROM TB_USUARIO t0, TB_FORNECEDOR t1 WHERE ((t0.ID = ?) AND ((t1.ID_USUARIO = t0.ID) AND (t0.DISC_USUARIO = ?)))
	bind => [3, Fornecedor]
]]></system-out>
    <system-err><![CDATA[ago. 21, 2025 10:02:51 PM exemplo.jpa.teste.FornecedorTeste CatualizaFornecedor
INFORMAÇÕES: Executando atualizaFornecedor()
]]></system-err>
  </testcase>
  <testcase name="DatualizaFornecedorMerge" classname="exemplo.jpa.teste.FornecedorTeste" time="0.01">
    <system-out><![CDATA[[EL Fine]: sql: 2025-08-21 22:02:51.411--ServerSession(337039263)--Connection(605600260)--Thread(Thread[#3,main,5,main])--SELECT t0.ID, t0.DISC_USUARIO, t0.TXT_CPF, t0.TXT_EMAIL, t0.TXT_LOGIN, t0.TXT_NOME, t0.TXT_SENHA, t0.END_TXT_BAIRRO, t0.END_TXT_CEP, t0.END_TXT_CIDADE, t0.END_TXT_COMPLEMENTO, t0.END_TXT_ESTADO, t0.END_TXT_LOGRADOURO, t0.END_NUMERO, t1.ID_USUARIO FROM TB_USUARIO t0, TB_FORNECEDOR t1 WHERE ((t0.ID = ?) AND ((t1.ID_USUARIO = t0.ID) AND (t0.DISC_USUARIO = ?)))
	bind => [3, Fornecedor]
[EL Fine]: sql: 2025-08-21 22:02:51.412--ServerSession(337039263)--Connection(605600260)--Thread(Thread[#3,main,5,main])--SELECT t0.ID, t0.DISC_USUARIO, t0.TXT_CPF, t0.TXT_EMAIL, t0.TXT_LOGIN, t0.TXT_NOME, t0.TXT_SENHA, t0.END_TXT_BAIRRO, t0.END_TXT_CEP, t0.END_TXT_CIDADE, t0.END_TXT_COMPLEMENTO, t0.END_TXT_ESTADO, t0.END_TXT_LOGRADOURO, t0.END_NUMERO, t1.ID_USUARIO FROM TB_USUARIO t0, TB_FORNECEDOR t1 WHERE ((t0.ID = ?) AND ((t1.ID_USUARIO = t0.ID) AND (t0.DISC_USUARIO = ?)))
	bind => [3, Fornecedor]
[EL Fine]: sql: 2025-08-21 22:02:51.414--ClientSession(1945836927)--Connection(605600260)--Thread(Thread[#3,main,5,main])--UPDATE TB_USUARIO SET TXT_EMAIL = ? WHERE (ID = ?)
	bind => [daniel-ferreira@email.com, 3]
[EL Fine]: sql: 2025-08-21 22:02:51.417--ClientSession(1945836927)--Connection(605600260)--Thread(Thread[#3,main,5,main])--SELECT t0.ID, t0.DISC_USUARIO, t0.TXT_CPF, t0.TXT_EMAIL, t0.TXT_LOGIN, t0.TXT_NOME, t0.TXT_SENHA, t0.END_TXT_BAIRRO, t0.END_TXT_CEP, t0.END_TXT_CIDADE, t0.END_TXT_COMPLEMENTO, t0.END_TXT_ESTADO, t0.END_TXT_LOGRADOURO, t0.END_NUMERO, t1.ID_USUARIO FROM TB_USUARIO t0, TB_FORNECEDOR t1 WHERE ((t0.ID = ?) AND ((t1.ID_USUARIO = t0.ID) AND (t0.DISC_USUARIO = ?)))
	bind => [3, Fornecedor]
]]></system-out>
    <system-err><![CDATA[ago. 21, 2025 10:02:51 PM exemplo.jpa.teste.FornecedorTeste DatualizaFornecedorMerge
INFORMAÇÕES: Executando atualizaFornecedorMerge()
]]></system-err>
  </testcase>
  <testcase name="EremoveFornecedor" classname="exemplo.jpa.teste.FornecedorTeste" time="0.022">
    <system-out><![CDATA[[EL Fine]: sql: 2025-08-21 22:02:51.42--ServerSession(337039263)--Connection(605600260)--Thread(Thread[#3,main,5,main])--SELECT t0.ID, t0.DISC_USUARIO, t0.TXT_CPF, t0.TXT_EMAIL, t0.TXT_LOGIN, t0.TXT_NOME, t0.TXT_SENHA, t0.END_TXT_BAIRRO, t0.END_TXT_CEP, t0.END_TXT_CIDADE, t0.END_TXT_COMPLEMENTO, t0.END_TXT_ESTADO, t0.END_TXT_LOGRADOURO, t0.END_NUMERO, t1.ID_USUARIO FROM TB_USUARIO t0, TB_FORNECEDOR t1 WHERE ((t0.ID = ?) AND ((t1.ID_USUARIO = t0.ID) AND (t0.DISC_USUARIO = ?)))
	bind => [4, Fornecedor]
[EL Fine]: sql: 2025-08-21 22:02:51.422--ServerSession(337039263)--Connection(605600260)--Thread(Thread[#3,main,5,main])--SELECT t1.ID, t1.TXT_NOME, t1.TXT_PRECO, t1.TXT_TIPO FROM TB_USUARIO_SERVICO t0, TB_SERVICO t1 WHERE ((t0.ID_USUARIO = ?) AND (t1.ID = t0.ID_SERVICO))
	bind => [4]
[EL Fine]: sql: 2025-08-21 22:02:51.424--ClientSession(1537371824)--Connection(605600260)--Thread(Thread[#3,main,5,main])--DELETE FROM TB_USUARIO_SERVICO WHERE (ID_USUARIO = ?)
	bind => [4]
[EL Fine]: sql: 2025-08-21 22:02:51.426--ClientSession(1537371824)--Connection(605600260)--Thread(Thread[#3,main,5,main])--DELETE FROM TB_USUARIO_SERVICO WHERE (ID_SERVICO = ?)
	bind => [3]
[EL Fine]: sql: 2025-08-21 22:02:51.429--ClientSession(1537371824)--Connection(605600260)--Thread(Thread[#3,main,5,main])--DELETE FROM TB_USUARIO_SERVICO WHERE (ID_SERVICO = ?)
	bind => [2]
[EL Fine]: sql: 2025-08-21 22:02:51.429--ClientSession(1537371824)--Connection(605600260)--Thread(Thread[#3,main,5,main])--DELETE FROM TB_SERVICO WHERE (ID = ?)
	bind => [2]
[EL Fine]: sql: 2025-08-21 22:02:51.431--ClientSession(1537371824)--Connection(605600260)--Thread(Thread[#3,main,5,main])--DELETE FROM TB_SERVICO WHERE (ID = ?)
	bind => [3]
[EL Fine]: sql: 2025-08-21 22:02:51.432--ClientSession(1537371824)--Connection(605600260)--Thread(Thread[#3,main,5,main])--DELETE FROM TB_TELEFONE WHERE (ID_USUARIO = ?)
	bind => [4]
[EL Fine]: sql: 2025-08-21 22:02:51.434--ClientSession(1537371824)--Connection(605600260)--Thread(Thread[#3,main,5,main])--DELETE FROM TB_FORNECEDOR WHERE (ID_USUARIO = ?)
	bind => [4]
[EL Fine]: sql: 2025-08-21 22:02:51.436--ClientSession(1537371824)--Connection(605600260)--Thread(Thread[#3,main,5,main])--DELETE FROM TB_USUARIO WHERE (ID = ?)
	bind => [4]
[EL Fine]: sql: 2025-08-21 22:02:51.438--ClientSession(1537371824)--Connection(605600260)--Thread(Thread[#3,main,5,main])--SELECT t0.ID, t0.DISC_USUARIO, t0.TXT_CPF, t0.TXT_EMAIL, t0.TXT_LOGIN, t0.TXT_NOME, t0.TXT_SENHA, t0.END_TXT_BAIRRO, t0.END_TXT_CEP, t0.END_TXT_CIDADE, t0.END_TXT_COMPLEMENTO, t0.END_TXT_ESTADO, t0.END_TXT_LOGRADOURO, t0.END_NUMERO, t1.ID_USUARIO FROM TB_USUARIO t0, TB_FORNECEDOR t1 WHERE ((t0.ID = ?) AND ((t1.ID_USUARIO = t0.ID) AND (t0.DISC_USUARIO = ?)))
	bind => [4, Fornecedor]
]]></system-out>
    <system-err><![CDATA[ago. 21, 2025 10:02:51 PM exemplo.jpa.teste.FornecedorTeste EremoveFornecedor
INFORMAÇÕES: Executando removeCliente()
]]></system-err>
  </testcase>
</testsuite>